<?xml version="1.0" encoding="UTF-8" standalone="yes"?><!DOCTYPE report PUBLIC "-//JACOCO//DTD Report 1.1//EN"
        "report.dtd">
<report name="OT_Project">
    <sessioninfo id="LAPTOP-M3875NLA-427e92c2" start="1742106793158" dump="1742106897218"/>
    <package name="">
        <class name="Main" sourcefilename="Main.java">
            <method name="&lt;init&gt;" desc="()V" line="4">
                <counter type="INSTRUCTION" missed="3" covered="0"/>
                <counter type="LINE" missed="1" covered="0"/>
                <counter type="COMPLEXITY" missed="1" covered="0"/>
                <counter type="METHOD" missed="1" covered="0"/>
            </method>
            <method name="main" desc="([Ljava/lang/String;)V" line="6">
                <counter type="INSTRUCTION" missed="4" covered="0"/>
                <counter type="LINE" missed="2" covered="0"/>
                <counter type="COMPLEXITY" missed="1" covered="0"/>
                <counter type="METHOD" missed="1" covered="0"/>
            </method>
            <counter type="INSTRUCTION" missed="7" covered="0"/>
            <counter type="LINE" missed="3" covered="0"/>
            <counter type="COMPLEXITY" missed="2" covered="0"/>
            <counter type="METHOD" missed="2" covered="0"/>
            <counter type="CLASS" missed="1" covered="0"/>
        </class>
        <sourcefile name="Main.java">
            <line nr="4" mi="3" ci="0" mb="0" cb="0"/>
            <line nr="6" mi="3" ci="0" mb="0" cb="0"/>
            <line nr="7" mi="1" ci="0" mb="0" cb="0"/>
            <counter type="INSTRUCTION" missed="7" covered="0"/>
            <counter type="LINE" missed="3" covered="0"/>
            <counter type="COMPLEXITY" missed="2" covered="0"/>
            <counter type="METHOD" missed="2" covered="0"/>
            <counter type="CLASS" missed="1" covered="0"/>
        </sourcefile>
        <counter type="INSTRUCTION" missed="7" covered="0"/>
        <counter type="LINE" missed="3" covered="0"/>
        <counter type="COMPLEXITY" missed="2" covered="0"/>
        <counter type="METHOD" missed="2" covered="0"/>
        <counter type="CLASS" missed="1" covered="0"/>
    </package>
    <package name="view">
        <class name="view/GUI" sourcefilename="GUI.java">
            <method name="&lt;init&gt;" desc="()V" line="12">
                <counter type="INSTRUCTION" missed="3" covered="0"/>
                <counter type="LINE" missed="1" covered="0"/>
                <counter type="COMPLEXITY" missed="1" covered="0"/>
                <counter type="METHOD" missed="1" covered="0"/>
            </method>
            <method name="start" desc="(Ljavafx/stage/Stage;)V" line="20">
                <counter type="INSTRUCTION" missed="56" covered="0"/>
                <counter type="BRANCH" missed="2" covered="0"/>
                <counter type="LINE" missed="13" covered="0"/>
                <counter type="COMPLEXITY" missed="2" covered="0"/>
                <counter type="METHOD" missed="1" covered="0"/>
            </method>
            <counter type="INSTRUCTION" missed="59" covered="0"/>
            <counter type="BRANCH" missed="2" covered="0"/>
            <counter type="LINE" missed="14" covered="0"/>
            <counter type="COMPLEXITY" missed="3" covered="0"/>
            <counter type="METHOD" missed="2" covered="0"/>
            <counter type="CLASS" missed="1" covered="0"/>
        </class>
        <sourcefile name="GUI.java">
            <line nr="12" mi="3" ci="0" mb="0" cb="0"/>
            <line nr="20" mi="8" ci="0" mb="0" cb="0"/>
            <line nr="21" mi="4" ci="0" mb="0" cb="0"/>
            <line nr="23" mi="3" ci="0" mb="0" cb="0"/>
            <line nr="24" mi="6" ci="0" mb="2" cb="0"/>
            <line nr="25" mi="3" ci="0" mb="0" cb="0"/>
            <line nr="28" mi="3" ci="0" mb="0" cb="0"/>
            <line nr="29" mi="3" ci="0" mb="0" cb="0"/>
            <line nr="30" mi="5" ci="0" mb="0" cb="0"/>
            <line nr="31" mi="11" ci="0" mb="0" cb="0"/>
            <line nr="32" mi="4" ci="0" mb="0" cb="0"/>
            <line nr="33" mi="3" ci="0" mb="0" cb="0"/>
            <line nr="34" mi="2" ci="0" mb="0" cb="0"/>
            <line nr="35" mi="1" ci="0" mb="0" cb="0"/>
            <counter type="INSTRUCTION" missed="59" covered="0"/>
            <counter type="BRANCH" missed="2" covered="0"/>
            <counter type="LINE" missed="14" covered="0"/>
            <counter type="COMPLEXITY" missed="3" covered="0"/>
            <counter type="METHOD" missed="2" covered="0"/>
            <counter type="CLASS" missed="1" covered="0"/>
        </sourcefile>
        <counter type="INSTRUCTION" missed="59" covered="0"/>
        <counter type="BRANCH" missed="2" covered="0"/>
        <counter type="LINE" missed="14" covered="0"/>
        <counter type="COMPLEXITY" missed="3" covered="0"/>
        <counter type="METHOD" missed="2" covered="0"/>
        <counter type="CLASS" missed="1" covered="0"/>
    </package>
    <package name="controller">
        <class name="controller/BaseController" sourcefilename="BaseController.java">
            <method name="&lt;init&gt;" desc="()V" line="15">
                <counter type="INSTRUCTION" missed="0" covered="8"/>
                <counter type="LINE" missed="0" covered="2"/>
                <counter type="COMPLEXITY" missed="0" covered="1"/>
                <counter type="METHOD" missed="0" covered="1"/>
            </method>
            <method name="setStage" desc="(Ljavafx/stage/Stage;)V" line="21">
                <counter type="INSTRUCTION" missed="0" covered="4"/>
                <counter type="LINE" missed="0" covered="2"/>
                <counter type="COMPLEXITY" missed="0" covered="1"/>
                <counter type="METHOD" missed="0" covered="1"/>
            </method>
            <method name="switchScene" desc="(Ljava/lang/String;)V" line="25">
                <counter type="INSTRUCTION" missed="0" covered="5"/>
                <counter type="LINE" missed="0" covered="2"/>
                <counter type="COMPLEXITY" missed="0" covered="1"/>
                <counter type="METHOD" missed="0" covered="1"/>
            </method>
            <method name="switchScene" desc="(Ljava/lang/String;Ljava/lang/Object;)V" line="29">
                <counter type="INSTRUCTION" missed="1" covered="25"/>
                <counter type="BRANCH" missed="1" covered="5"/>
                <counter type="LINE" missed="1" covered="8"/>
                <counter type="COMPLEXITY" missed="1" covered="3"/>
                <counter type="METHOD" missed="0" covered="1"/>
            </method>
            <method name="loadFXML" desc="(Ljava/lang/String;Ljava/lang/Object;)V" line="45">
                <counter type="INSTRUCTION" missed="32" covered="75"/>
                <counter type="BRANCH" missed="9" covered="7"/>
                <counter type="LINE" missed="9" covered="17"/>
                <counter type="COMPLEXITY" missed="9" covered="2"/>
                <counter type="METHOD" missed="0" covered="1"/>
            </method>
            <method name="showAlert"
                    desc="(Ljavafx/scene/control/Alert$AlertType;Ljava/lang/String;Ljava/lang/String;)V" line="88">
                <counter type="INSTRUCTION" missed="0" covered="18"/>
                <counter type="LINE" missed="0" covered="6"/>
                <counter type="COMPLEXITY" missed="0" covered="1"/>
                <counter type="METHOD" missed="0" covered="1"/>
            </method>
            <method name="logError" desc="(Ljava/lang/String;)V" line="96">
                <counter type="INSTRUCTION" missed="5" covered="0"/>
                <counter type="LINE" missed="2" covered="0"/>
                <counter type="COMPLEXITY" missed="1" covered="0"/>
                <counter type="METHOD" missed="1" covered="0"/>
            </method>
            <method name="handleProfileSwitch" desc="(Lcontext/GUIContext;Ljava/lang/String;)Ljava/lang/String;"
                    line="100">
                <counter type="INSTRUCTION" missed="15" covered="8"/>
                <counter type="BRANCH" missed="4" covered="2"/>
                <counter type="LINE" missed="4" covered="3"/>
                <counter type="COMPLEXITY" missed="3" covered="1"/>
                <counter type="METHOD" missed="0" covered="1"/>
            </method>
            <method name="handleOptionsSwitch" desc="(Lcontext/GUIContext;)V" line="112">
                <counter type="INSTRUCTION" missed="0" covered="11"/>
                <counter type="BRANCH" missed="0" covered="2"/>
                <counter type="LINE" missed="0" covered="4"/>
                <counter type="COMPLEXITY" missed="0" covered="2"/>
                <counter type="METHOD" missed="0" covered="1"/>
            </method>
            <method name="handleHomeClick" desc="(Ljavafx/scene/input/MouseEvent;)V" line="119">
                <counter type="INSTRUCTION" missed="4" covered="0"/>
                <counter type="LINE" missed="2" covered="0"/>
                <counter type="COMPLEXITY" missed="1" covered="0"/>
                <counter type="METHOD" missed="1" covered="0"/>
            </method>
            <method name="handleProfileClick" desc="(Ljavafx/scene/input/MouseEvent;)V" line="123">
                <counter type="INSTRUCTION" missed="4" covered="0"/>
                <counter type="LINE" missed="2" covered="0"/>
                <counter type="COMPLEXITY" missed="1" covered="0"/>
                <counter type="METHOD" missed="1" covered="0"/>
            </method>
            <method name="handleBackClick" desc="(Ljavafx/scene/input/MouseEvent;)V" line="127">
                <counter type="INSTRUCTION" missed="4" covered="0"/>
                <counter type="LINE" missed="2" covered="0"/>
                <counter type="COMPLEXITY" missed="1" covered="0"/>
                <counter type="METHOD" missed="1" covered="0"/>
            </method>
            <method name="handlePreviousClick" desc="(Ljavafx/scene/input/MouseEvent;)V" line="131">
                <counter type="INSTRUCTION" missed="4" covered="0"/>
                <counter type="LINE" missed="2" covered="0"/>
                <counter type="COMPLEXITY" missed="1" covered="0"/>
                <counter type="METHOD" missed="1" covered="0"/>
            </method>
            <method name="handleHelpClick" desc="(Ljavafx/scene/input/MouseEvent;)V" line="135">
                <counter type="INSTRUCTION" missed="4" covered="0"/>
                <counter type="LINE" missed="2" covered="0"/>
                <counter type="COMPLEXITY" missed="1" covered="0"/>
                <counter type="METHOD" missed="1" covered="0"/>
            </method>
            <counter type="INSTRUCTION" missed="73" covered="154"/>
            <counter type="BRANCH" missed="14" covered="16"/>
            <counter type="LINE" missed="26" covered="44"/>
            <counter type="COMPLEXITY" missed="19" covered="12"/>
            <counter type="METHOD" missed="6" covered="8"/>
            <counter type="CLASS" missed="0" covered="1"/>
        </class>
        <class name="controller/UserController" sourcefilename="UserController.java">
            <method name="&lt;init&gt;" desc="()V" line="14">
                <counter type="INSTRUCTION" missed="0" covered="8"/>
                <counter type="LINE" missed="0" covered="3"/>
                <counter type="COMPLEXITY" missed="0" covered="1"/>
                <counter type="METHOD" missed="0" covered="1"/>
            </method>
            <method name="registerUser" desc="(Lmodel/User;)V" line="19">
                <counter type="INSTRUCTION" missed="0" covered="8"/>
                <counter type="LINE" missed="0" covered="3"/>
                <counter type="COMPLEXITY" missed="0" covered="1"/>
                <counter type="METHOD" missed="0" covered="1"/>
            </method>
            <method name="displayUser" desc="(I)Lmodel/User;" line="24">
                <counter type="INSTRUCTION" missed="0" covered="20"/>
                <counter type="BRANCH" missed="0" covered="2"/>
                <counter type="LINE" missed="0" covered="5"/>
                <counter type="COMPLEXITY" missed="0" covered="2"/>
                <counter type="METHOD" missed="0" covered="1"/>
            </method>
            <method name="displayAllUsers" desc="()Ljava/util/List;" line="34">
                <counter type="INSTRUCTION" missed="0" covered="24"/>
                <counter type="BRANCH" missed="0" covered="2"/>
                <counter type="LINE" missed="0" covered="5"/>
                <counter type="COMPLEXITY" missed="0" covered="2"/>
                <counter type="METHOD" missed="0" covered="1"/>
            </method>
            <method name="updateUser" desc="(Lmodel/User;)V" line="42">
                <counter type="INSTRUCTION" missed="0" covered="8"/>
                <counter type="LINE" missed="0" covered="3"/>
                <counter type="COMPLEXITY" missed="0" covered="1"/>
                <counter type="METHOD" missed="0" covered="1"/>
            </method>
            <method name="deleteUser" desc="(Lmodel/User;)V" line="47">
                <counter type="INSTRUCTION" missed="0" covered="8"/>
                <counter type="LINE" missed="0" covered="3"/>
                <counter type="COMPLEXITY" missed="0" covered="1"/>
                <counter type="METHOD" missed="0" covered="1"/>
            </method>
            <method name="deleteAll" desc="()V" line="52">
                <counter type="INSTRUCTION" missed="0" covered="7"/>
                <counter type="LINE" missed="0" covered="3"/>
                <counter type="COMPLEXITY" missed="0" covered="1"/>
                <counter type="METHOD" missed="0" covered="1"/>
            </method>
            <method name="setEm" desc="(Ljakarta/persistence/EntityManager;)V" line="57">
                <counter type="INSTRUCTION" missed="0" covered="5"/>
                <counter type="LINE" missed="0" covered="2"/>
                <counter type="COMPLEXITY" missed="0" covered="1"/>
                <counter type="METHOD" missed="0" covered="1"/>
            </method>
            <method name="existsByEmail" desc="(Ljava/lang/String;)Z" line="61">
                <counter type="INSTRUCTION" missed="0" covered="5"/>
                <counter type="LINE" missed="0" covered="1"/>
                <counter type="COMPLEXITY" missed="0" covered="1"/>
                <counter type="METHOD" missed="0" covered="1"/>
            </method>
            <method name="login" desc="(Ljava/lang/String;Ljava/lang/String;)Lmodel/User;" line="65">
                <counter type="INSTRUCTION" missed="0" covered="11"/>
                <counter type="LINE" missed="0" covered="2"/>
                <counter type="COMPLEXITY" missed="0" covered="1"/>
                <counter type="METHOD" missed="0" covered="1"/>
            </method>
            <counter type="INSTRUCTION" missed="0" covered="104"/>
            <counter type="BRANCH" missed="0" covered="4"/>
            <counter type="LINE" missed="0" covered="30"/>
            <counter type="COMPLEXITY" missed="0" covered="12"/>
            <counter type="METHOD" missed="0" covered="10"/>
            <counter type="CLASS" missed="0" covered="1"/>
        </class>
        <class name="controller/GuestController" sourcefilename="GuestController.java">
            <method name="&lt;init&gt;" desc="()V" line="12">
                <counter type="INSTRUCTION" missed="0" covered="8"/>
                <counter type="LINE" missed="0" covered="3"/>
                <counter type="COMPLEXITY" missed="0" covered="1"/>
                <counter type="METHOD" missed="0" covered="1"/>
            </method>
            <method name="registerGuest" desc="(Lmodel/Guest;)V" line="17">
                <counter type="INSTRUCTION" missed="0" covered="8"/>
                <counter type="LINE" missed="0" covered="3"/>
                <counter type="COMPLEXITY" missed="0" covered="1"/>
                <counter type="METHOD" missed="0" covered="1"/>
            </method>
            <method name="displayGuest" desc="(I)Lmodel/Guest;" line="22">
                <counter type="INSTRUCTION" missed="0" covered="20"/>
                <counter type="BRANCH" missed="0" covered="2"/>
                <counter type="LINE" missed="0" covered="5"/>
                <counter type="COMPLEXITY" missed="0" covered="2"/>
                <counter type="METHOD" missed="0" covered="1"/>
            </method>
            <method name="displayAllGuests" desc="()Ljava/util/List;" line="33">
                <counter type="INSTRUCTION" missed="0" covered="24"/>
                <counter type="BRANCH" missed="0" covered="2"/>
                <counter type="LINE" missed="0" covered="5"/>
                <counter type="COMPLEXITY" missed="0" covered="2"/>
                <counter type="METHOD" missed="0" covered="1"/>
            </method>
            <method name="updateGuest" desc="(Lmodel/Guest;)V" line="41">
                <counter type="INSTRUCTION" missed="0" covered="8"/>
                <counter type="LINE" missed="0" covered="3"/>
                <counter type="COMPLEXITY" missed="0" covered="1"/>
                <counter type="METHOD" missed="0" covered="1"/>
            </method>
            <method name="deleteGuest" desc="(Lmodel/Guest;)V" line="46">
                <counter type="INSTRUCTION" missed="0" covered="8"/>
                <counter type="LINE" missed="0" covered="3"/>
                <counter type="COMPLEXITY" missed="0" covered="1"/>
                <counter type="METHOD" missed="0" covered="1"/>
            </method>
            <method name="deleteAll" desc="()V" line="51">
                <counter type="INSTRUCTION" missed="0" covered="7"/>
                <counter type="LINE" missed="0" covered="3"/>
                <counter type="COMPLEXITY" missed="0" covered="1"/>
                <counter type="METHOD" missed="0" covered="1"/>
            </method>
            <method name="setEm" desc="(Ljakarta/persistence/EntityManager;)V" line="57">
                <counter type="INSTRUCTION" missed="0" covered="5"/>
                <counter type="LINE" missed="0" covered="2"/>
                <counter type="COMPLEXITY" missed="0" covered="1"/>
                <counter type="METHOD" missed="0" covered="1"/>
            </method>
            <counter type="INSTRUCTION" missed="0" covered="88"/>
            <counter type="BRANCH" missed="0" covered="4"/>
            <counter type="LINE" missed="0" covered="27"/>
            <counter type="COMPLEXITY" missed="0" covered="10"/>
            <counter type="METHOD" missed="0" covered="8"/>
            <counter type="CLASS" missed="0" covered="1"/>
        </class>
        <class name="controller/MatchController" sourcefilename="MatchController.java">
            <method name="&lt;init&gt;" desc="()V" line="13">
                <counter type="INSTRUCTION" missed="0" covered="8"/>
                <counter type="LINE" missed="0" covered="3"/>
                <counter type="COMPLEXITY" missed="0" covered="1"/>
                <counter type="METHOD" missed="0" covered="1"/>
            </method>
            <method name="matchParticipants" desc="(Lmodel/Participant;Lmodel/Participant;D)V" line="18">
                <counter type="INSTRUCTION" missed="0" covered="13"/>
                <counter type="LINE" missed="0" covered="3"/>
                <counter type="COMPLEXITY" missed="0" covered="1"/>
                <counter type="METHOD" missed="0" covered="1"/>
            </method>
            <method name="displayMatch" desc="(I)Lmodel/Match;" line="23">
                <counter type="INSTRUCTION" missed="22" covered="0"/>
                <counter type="BRANCH" missed="2" covered="0"/>
                <counter type="LINE" missed="5" covered="0"/>
                <counter type="COMPLEXITY" missed="2" covered="0"/>
                <counter type="METHOD" missed="1" covered="0"/>
            </method>
            <method name="displayAllMatches" desc="()Ljava/util/List;" line="33">
                <counter type="INSTRUCTION" missed="0" covered="26"/>
                <counter type="BRANCH" missed="0" covered="2"/>
                <counter type="LINE" missed="0" covered="5"/>
                <counter type="COMPLEXITY" missed="0" covered="2"/>
                <counter type="METHOD" missed="0" covered="1"/>
            </method>
            <method name="displayAllByParticipant" desc="(Lmodel/Participant;)Ljava/util/List;" line="41">
                <counter type="INSTRUCTION" missed="0" covered="27"/>
                <counter type="BRANCH" missed="0" covered="2"/>
                <counter type="LINE" missed="0" covered="5"/>
                <counter type="COMPLEXITY" missed="0" covered="2"/>
                <counter type="METHOD" missed="0" covered="1"/>
            </method>
            <method name="updateMatch" desc="(Lmodel/Match;)V" line="49">
                <counter type="INSTRUCTION" missed="0" covered="8"/>
                <counter type="LINE" missed="0" covered="3"/>
                <counter type="COMPLEXITY" missed="0" covered="1"/>
                <counter type="METHOD" missed="0" covered="1"/>
            </method>
            <method name="deleteMatch" desc="(Lmodel/Match;)V" line="54">
                <counter type="INSTRUCTION" missed="0" covered="8"/>
                <counter type="LINE" missed="0" covered="3"/>
                <counter type="COMPLEXITY" missed="0" covered="1"/>
                <counter type="METHOD" missed="0" covered="1"/>
            </method>
            <method name="deleteAll" desc="()V" line="59">
                <counter type="INSTRUCTION" missed="0" covered="7"/>
                <counter type="LINE" missed="0" covered="3"/>
                <counter type="COMPLEXITY" missed="0" covered="1"/>
                <counter type="METHOD" missed="0" covered="1"/>
            </method>
            <method name="setEm" desc="(Ljakarta/persistence/EntityManager;)V" line="65">
                <counter type="INSTRUCTION" missed="0" covered="5"/>
                <counter type="LINE" missed="0" covered="2"/>
                <counter type="COMPLEXITY" missed="0" covered="1"/>
                <counter type="METHOD" missed="0" covered="1"/>
            </method>
            <counter type="INSTRUCTION" missed="22" covered="102"/>
            <counter type="BRANCH" missed="2" covered="4"/>
            <counter type="LINE" missed="5" covered="27"/>
            <counter type="COMPLEXITY" missed="2" covered="10"/>
            <counter type="METHOD" missed="1" covered="8"/>
            <counter type="CLASS" missed="0" covered="1"/>
        </class>
        <sourcefile name="UserController.java">
            <line nr="14" mi="0" ci="2" mb="0" cb="0"/>
            <line nr="15" mi="0" ci="5" mb="0" cb="0"/>
            <line nr="16" mi="0" ci="1" mb="0" cb="0"/>
            <line nr="19" mi="0" ci="4" mb="0" cb="0"/>
            <line nr="20" mi="0" ci="3" mb="0" cb="0"/>
            <line nr="21" mi="0" ci="1" mb="0" cb="0"/>
            <line nr="24" mi="0" ci="5" mb="0" cb="0"/>
            <line nr="25" mi="0" ci="2" mb="0" cb="2"/>
            <line nr="26" mi="0" ci="8" mb="0" cb="0"/>
            <line nr="28" mi="0" ci="3" mb="0" cb="0"/>
            <line nr="30" mi="0" ci="2" mb="0" cb="0"/>
            <line nr="34" mi="0" ci="4" mb="0" cb="0"/>
            <line nr="35" mi="0" ci="10" mb="0" cb="2"/>
            <line nr="36" mi="0" ci="7" mb="0" cb="0"/>
            <line nr="37" mi="0" ci="1" mb="0" cb="0"/>
            <line nr="38" mi="0" ci="2" mb="0" cb="0"/>
            <line nr="42" mi="0" ci="4" mb="0" cb="0"/>
            <line nr="43" mi="0" ci="3" mb="0" cb="0"/>
            <line nr="44" mi="0" ci="1" mb="0" cb="0"/>
            <line nr="47" mi="0" ci="4" mb="0" cb="0"/>
            <line nr="48" mi="0" ci="3" mb="0" cb="0"/>
            <line nr="49" mi="0" ci="1" mb="0" cb="0"/>
            <line nr="52" mi="0" ci="3" mb="0" cb="0"/>
            <line nr="53" mi="0" ci="3" mb="0" cb="0"/>
            <line nr="54" mi="0" ci="1" mb="0" cb="0"/>
            <line nr="57" mi="0" ci="4" mb="0" cb="0"/>
            <line nr="58" mi="0" ci="1" mb="0" cb="0"/>
            <line nr="61" mi="0" ci="5" mb="0" cb="0"/>
            <line nr="65" mi="0" ci="6" mb="0" cb="0"/>
            <line nr="66" mi="0" ci="5" mb="0" cb="0"/>
            <counter type="INSTRUCTION" missed="0" covered="104"/>
            <counter type="BRANCH" missed="0" covered="4"/>
            <counter type="LINE" missed="0" covered="30"/>
            <counter type="COMPLEXITY" missed="0" covered="12"/>
            <counter type="METHOD" missed="0" covered="10"/>
            <counter type="CLASS" missed="0" covered="1"/>
        </sourcefile>
        <sourcefile name="MatchController.java">
            <line nr="13" mi="0" ci="2" mb="0" cb="0"/>
            <line nr="14" mi="0" ci="5" mb="0" cb="0"/>
            <line nr="15" mi="0" ci="1" mb="0" cb="0"/>
            <line nr="18" mi="0" ci="9" mb="0" cb="0"/>
            <line nr="19" mi="0" ci="3" mb="0" cb="0"/>
            <line nr="20" mi="0" ci="1" mb="0" cb="0"/>
            <line nr="23" mi="5" ci="0" mb="0" cb="0"/>
            <line nr="24" mi="2" ci="0" mb="2" cb="0"/>
            <line nr="25" mi="10" ci="0" mb="0" cb="0"/>
            <line nr="27" mi="3" ci="0" mb="0" cb="0"/>
            <line nr="29" mi="2" ci="0" mb="0" cb="0"/>
            <line nr="33" mi="0" ci="4" mb="0" cb="0"/>
            <line nr="34" mi="0" ci="10" mb="0" cb="2"/>
            <line nr="35" mi="0" ci="9" mb="0" cb="0"/>
            <line nr="36" mi="0" ci="1" mb="0" cb="0"/>
            <line nr="37" mi="0" ci="2" mb="0" cb="0"/>
            <line nr="41" mi="0" ci="5" mb="0" cb="0"/>
            <line nr="42" mi="0" ci="10" mb="0" cb="2"/>
            <line nr="43" mi="0" ci="9" mb="0" cb="0"/>
            <line nr="44" mi="0" ci="1" mb="0" cb="0"/>
            <line nr="45" mi="0" ci="2" mb="0" cb="0"/>
            <line nr="49" mi="0" ci="4" mb="0" cb="0"/>
            <line nr="50" mi="0" ci="3" mb="0" cb="0"/>
            <line nr="51" mi="0" ci="1" mb="0" cb="0"/>
            <line nr="54" mi="0" ci="4" mb="0" cb="0"/>
            <line nr="55" mi="0" ci="3" mb="0" cb="0"/>
            <line nr="56" mi="0" ci="1" mb="0" cb="0"/>
            <line nr="59" mi="0" ci="3" mb="0" cb="0"/>
            <line nr="60" mi="0" ci="3" mb="0" cb="0"/>
            <line nr="61" mi="0" ci="1" mb="0" cb="0"/>
            <line nr="65" mi="0" ci="4" mb="0" cb="0"/>
            <line nr="66" mi="0" ci="1" mb="0" cb="0"/>
            <counter type="INSTRUCTION" missed="22" covered="102"/>
            <counter type="BRANCH" missed="2" covered="4"/>
            <counter type="LINE" missed="5" covered="27"/>
            <counter type="COMPLEXITY" missed="2" covered="10"/>
            <counter type="METHOD" missed="1" covered="8"/>
            <counter type="CLASS" missed="0" covered="1"/>
        </sourcefile>
        <sourcefile name="GuestController.java">
            <line nr="12" mi="0" ci="2" mb="0" cb="0"/>
            <line nr="13" mi="0" ci="5" mb="0" cb="0"/>
            <line nr="14" mi="0" ci="1" mb="0" cb="0"/>
            <line nr="17" mi="0" ci="4" mb="0" cb="0"/>
            <line nr="18" mi="0" ci="3" mb="0" cb="0"/>
            <line nr="19" mi="0" ci="1" mb="0" cb="0"/>
            <line nr="22" mi="0" ci="5" mb="0" cb="0"/>
            <line nr="23" mi="0" ci="2" mb="0" cb="2"/>
            <line nr="24" mi="0" ci="8" mb="0" cb="0"/>
            <line nr="27" mi="0" ci="3" mb="0" cb="0"/>
            <line nr="29" mi="0" ci="2" mb="0" cb="0"/>
            <line nr="33" mi="0" ci="4" mb="0" cb="0"/>
            <line nr="34" mi="0" ci="10" mb="0" cb="2"/>
            <line nr="35" mi="0" ci="7" mb="0" cb="0"/>
            <line nr="36" mi="0" ci="1" mb="0" cb="0"/>
            <line nr="37" mi="0" ci="2" mb="0" cb="0"/>
            <line nr="41" mi="0" ci="4" mb="0" cb="0"/>
            <line nr="42" mi="0" ci="3" mb="0" cb="0"/>
            <line nr="43" mi="0" ci="1" mb="0" cb="0"/>
            <line nr="46" mi="0" ci="4" mb="0" cb="0"/>
            <line nr="47" mi="0" ci="3" mb="0" cb="0"/>
            <line nr="48" mi="0" ci="1" mb="0" cb="0"/>
            <line nr="51" mi="0" ci="3" mb="0" cb="0"/>
            <line nr="52" mi="0" ci="3" mb="0" cb="0"/>
            <line nr="53" mi="0" ci="1" mb="0" cb="0"/>
            <line nr="57" mi="0" ci="4" mb="0" cb="0"/>
            <line nr="58" mi="0" ci="1" mb="0" cb="0"/>
            <counter type="INSTRUCTION" missed="0" covered="88"/>
            <counter type="BRANCH" missed="0" covered="4"/>
            <counter type="LINE" missed="0" covered="27"/>
            <counter type="COMPLEXITY" missed="0" covered="10"/>
            <counter type="METHOD" missed="0" covered="8"/>
            <counter type="CLASS" missed="0" covered="1"/>
        </sourcefile>
        <sourcefile name="BaseController.java">
            <line nr="15" mi="0" ci="2" mb="0" cb="0"/>
            <line nr="17" mi="0" ci="6" mb="0" cb="0"/>
            <line nr="21" mi="0" ci="3" mb="0" cb="0"/>
            <line nr="22" mi="0" ci="1" mb="0" cb="0"/>
            <line nr="25" mi="0" ci="4" mb="0" cb="0"/>
            <line nr="26" mi="0" ci="1" mb="0" cb="0"/>
            <line nr="29" mi="0" ci="2" mb="0" cb="0"/>
            <line nr="31" mi="0" ci="4" mb="0" cb="2"/>
            <line nr="32" mi="0" ci="5" mb="0" cb="0"/>
            <line nr="33" mi="0" ci="2" mb="1" cb="1"/>
            <line nr="34" mi="1" ci="0" mb="0" cb="0"/>
            <line nr="37" mi="0" ci="4" mb="0" cb="2"/>
            <line nr="38" mi="0" ci="3" mb="0" cb="0"/>
            <line nr="41" mi="0" ci="4" mb="0" cb="0"/>
            <line nr="42" mi="0" ci="1" mb="0" cb="0"/>
            <line nr="45" mi="0" ci="3" mb="0" cb="0"/>
            <line nr="48" mi="0" ci="4" mb="0" cb="0"/>
            <line nr="49" mi="0" ci="8" mb="0" cb="0"/>
            <line nr="50" mi="0" ci="4" mb="0" cb="0"/>
            <line nr="52" mi="0" ci="4" mb="0" cb="0"/>
            <line nr="54" mi="0" ci="2" mb="1" cb="1"/>
            <line nr="55" mi="0" ci="5" mb="0" cb="0"/>
            <line nr="57" mi="3" ci="0" mb="0" cb="0"/>
            <line nr="61" mi="0" ci="8" mb="1" cb="3"/>
            <line nr="62" mi="0" ci="6" mb="1" cb="1"/>
            <line nr="63" mi="0" ci="3" mb="0" cb="0"/>
            <line nr="64" mi="0" ci="8" mb="5" cb="1"/>
            <line nr="65" mi="0" ci="4" mb="0" cb="0"/>
            <line nr="66" mi="4" ci="0" mb="0" cb="0"/>
            <line nr="67" mi="4" ci="0" mb="0" cb="0"/>
            <line nr="68" mi="4" ci="0" mb="0" cb="0"/>
            <line nr="69" mi="3" ci="0" mb="0" cb="0"/>
            <line nr="74" mi="0" ci="3" mb="1" cb="1"/>
            <line nr="75" mi="0" ci="7" mb="0" cb="0"/>
            <line nr="76" mi="0" ci="4" mb="0" cb="0"/>
            <line nr="78" mi="3" ci="0" mb="0" cb="0"/>
            <line nr="81" mi="1" ci="0" mb="0" cb="0"/>
            <line nr="82" mi="5" ci="0" mb="0" cb="0"/>
            <line nr="83" mi="5" ci="0" mb="0" cb="0"/>
            <line nr="84" mi="0" ci="1" mb="0" cb="0"/>
            <line nr="85" mi="0" ci="1" mb="0" cb="0"/>
            <line nr="88" mi="0" ci="5" mb="0" cb="0"/>
            <line nr="89" mi="0" ci="3" mb="0" cb="0"/>
            <line nr="90" mi="0" ci="3" mb="0" cb="0"/>
            <line nr="91" mi="0" ci="3" mb="0" cb="0"/>
            <line nr="92" mi="0" ci="3" mb="0" cb="0"/>
            <line nr="93" mi="0" ci="1" mb="0" cb="0"/>
            <line nr="96" mi="4" ci="0" mb="0" cb="0"/>
            <line nr="97" mi="1" ci="0" mb="0" cb="0"/>
            <line nr="100" mi="3" ci="3" mb="3" cb="1"/>
            <line nr="101" mi="3" ci="0" mb="0" cb="0"/>
            <line nr="102" mi="5" ci="0" mb="0" cb="0"/>
            <line nr="103" mi="2" ci="0" mb="0" cb="0"/>
            <line nr="105" mi="0" ci="3" mb="1" cb="1"/>
            <line nr="106" mi="2" ci="0" mb="0" cb="0"/>
            <line nr="108" mi="0" ci="2" mb="0" cb="0"/>
            <line nr="112" mi="0" ci="3" mb="0" cb="2"/>
            <line nr="113" mi="0" ci="5" mb="0" cb="0"/>
            <line nr="115" mi="0" ci="2" mb="0" cb="0"/>
            <line nr="116" mi="0" ci="1" mb="0" cb="0"/>
            <line nr="119" mi="3" ci="0" mb="0" cb="0"/>
            <line nr="120" mi="1" ci="0" mb="0" cb="0"/>
            <line nr="123" mi="3" ci="0" mb="0" cb="0"/>
            <line nr="124" mi="1" ci="0" mb="0" cb="0"/>
            <line nr="127" mi="3" ci="0" mb="0" cb="0"/>
            <line nr="128" mi="1" ci="0" mb="0" cb="0"/>
            <line nr="131" mi="3" ci="0" mb="0" cb="0"/>
            <line nr="132" mi="1" ci="0" mb="0" cb="0"/>
            <line nr="135" mi="3" ci="0" mb="0" cb="0"/>
            <line nr="136" mi="1" ci="0" mb="0" cb="0"/>
            <counter type="INSTRUCTION" missed="73" covered="154"/>
            <counter type="BRANCH" missed="14" covered="16"/>
            <counter type="LINE" missed="26" covered="44"/>
            <counter type="COMPLEXITY" missed="19" covered="12"/>
            <counter type="METHOD" missed="6" covered="8"/>
            <counter type="CLASS" missed="0" covered="1"/>
        </sourcefile>
        <counter type="INSTRUCTION" missed="95" covered="448"/>
        <counter type="BRANCH" missed="16" covered="28"/>
        <counter type="LINE" missed="31" covered="128"/>
        <counter type="COMPLEXITY" missed="21" covered="44"/>
        <counter type="METHOD" missed="7" covered="34"/>
        <counter type="CLASS" missed="0" covered="4"/>
    </package>
    <package name="dao">
        <class name="dao/UserDao" sourcefilename="UserDao.java">
            <method name="&lt;init&gt;" desc="()V" line="11">
                <counter type="INSTRUCTION" missed="0" covered="6"/>
                <counter type="LINE" missed="0" covered="2"/>
                <counter type="COMPLEXITY" missed="0" covered="1"/>
                <counter type="METHOD" missed="0" covered="1"/>
            </method>
            <method name="persist" desc="(Lmodel/User;)V" line="16">
                <counter type="INSTRUCTION" missed="11" covered="14"/>
                <counter type="LINE" missed="3" covered="5"/>
                <counter type="COMPLEXITY" missed="0" covered="1"/>
                <counter type="METHOD" missed="0" covered="1"/>
            </method>
            <method name="find" desc="(I)Lmodel/User;" line="26">
                <counter type="INSTRUCTION" missed="0" covered="8"/>
                <counter type="LINE" missed="0" covered="1"/>
                <counter type="COMPLEXITY" missed="0" covered="1"/>
                <counter type="METHOD" missed="0" covered="1"/>
            </method>
            <method name="existsByEmail" desc="(Ljava/lang/String;)Z" line="30">
                <counter type="INSTRUCTION" missed="0" covered="19"/>
                <counter type="BRANCH" missed="0" covered="2"/>
                <counter type="LINE" missed="0" covered="3"/>
                <counter type="COMPLEXITY" missed="0" covered="2"/>
                <counter type="METHOD" missed="0" covered="1"/>
            </method>
            <method name="findByEmailAndPassword" desc="(Ljava/lang/String;Ljava/lang/String;)Ljava/util/Optional;"
                    line="36">
                <counter type="INSTRUCTION" missed="0" covered="20"/>
                <counter type="LINE" missed="0" covered="4"/>
                <counter type="COMPLEXITY" missed="0" covered="1"/>
                <counter type="METHOD" missed="0" covered="1"/>
            </method>
            <method name="findAll" desc="()Ljava/util/List;" line="44">
                <counter type="INSTRUCTION" missed="0" covered="7"/>
                <counter type="LINE" missed="0" covered="1"/>
                <counter type="COMPLEXITY" missed="0" covered="1"/>
                <counter type="METHOD" missed="0" covered="1"/>
            </method>
            <method name="update" desc="(Lmodel/User;)V" line="49">
                <counter type="INSTRUCTION" missed="11" covered="15"/>
                <counter type="LINE" missed="3" covered="5"/>
                <counter type="COMPLEXITY" missed="0" covered="1"/>
                <counter type="METHOD" missed="0" covered="1"/>
            </method>
            <method name="delete" desc="(Lmodel/User;)V" line="61">
                <counter type="INSTRUCTION" missed="15" covered="29"/>
                <counter type="BRANCH" missed="1" covered="1"/>
                <counter type="LINE" missed="3" covered="8"/>
                <counter type="COMPLEXITY" missed="1" covered="1"/>
                <counter type="METHOD" missed="0" covered="1"/>
            </method>
            <method name="deleteAll" desc="()V" line="75">
                <counter type="INSTRUCTION" missed="0" covered="21"/>
                <counter type="BRANCH" missed="0" covered="2"/>
                <counter type="LINE" missed="0" covered="6"/>
                <counter type="COMPLEXITY" missed="0" covered="2"/>
                <counter type="METHOD" missed="0" covered="1"/>
            </method>
            <method name="setEm" desc="(Ljakarta/persistence/EntityManager;)V" line="84">
                <counter type="INSTRUCTION" missed="0" covered="4"/>
                <counter type="LINE" missed="0" covered="2"/>
                <counter type="COMPLEXITY" missed="0" covered="1"/>
                <counter type="METHOD" missed="0" covered="1"/>
            </method>
            <counter type="INSTRUCTION" missed="37" covered="143"/>
            <counter type="BRANCH" missed="1" covered="5"/>
            <counter type="LINE" missed="9" covered="37"/>
            <counter type="COMPLEXITY" missed="1" covered="12"/>
            <counter type="METHOD" missed="0" covered="10"/>
            <counter type="CLASS" missed="0" covered="1"/>
        </class>
        <class name="dao/MatchDao" sourcefilename="MatchDao.java">
            <method name="&lt;init&gt;" desc="()V" line="10">
                <counter type="INSTRUCTION" missed="0" covered="6"/>
                <counter type="LINE" missed="0" covered="2"/>
                <counter type="COMPLEXITY" missed="0" covered="1"/>
                <counter type="METHOD" missed="0" covered="1"/>
            </method>
            <method name="persist" desc="(Lmodel/Match;)V" line="15">
                <counter type="INSTRUCTION" missed="11" covered="14"/>
                <counter type="LINE" missed="3" covered="5"/>
                <counter type="COMPLEXITY" missed="0" covered="1"/>
                <counter type="METHOD" missed="0" covered="1"/>
            </method>
            <method name="find" desc="(I)Lmodel/Match;" line="26">
                <counter type="INSTRUCTION" missed="8" covered="0"/>
                <counter type="LINE" missed="1" covered="0"/>
                <counter type="COMPLEXITY" missed="1" covered="0"/>
                <counter type="METHOD" missed="1" covered="0"/>
            </method>
            <method name="findAll" desc="()Ljava/util/List;" line="30">
                <counter type="INSTRUCTION" missed="0" covered="7"/>
                <counter type="LINE" missed="0" covered="1"/>
                <counter type="COMPLEXITY" missed="0" covered="1"/>
                <counter type="METHOD" missed="0" covered="1"/>
            </method>
            <method name="findByParticipant" desc="(Lmodel/Participant;)Ljava/util/List;" line="34">
                <counter type="INSTRUCTION" missed="0" covered="10"/>
                <counter type="LINE" missed="0" covered="3"/>
                <counter type="COMPLEXITY" missed="0" covered="1"/>
                <counter type="METHOD" missed="0" covered="1"/>
            </method>
            <method name="update" desc="(Lmodel/Match;)V" line="41">
                <counter type="INSTRUCTION" missed="11" covered="15"/>
                <counter type="LINE" missed="3" covered="5"/>
                <counter type="COMPLEXITY" missed="0" covered="1"/>
                <counter type="METHOD" missed="0" covered="1"/>
            </method>
            <method name="delete" desc="(Lmodel/Match;)V" line="53">
                <counter type="INSTRUCTION" missed="11" covered="14"/>
                <counter type="LINE" missed="3" covered="5"/>
                <counter type="COMPLEXITY" missed="0" covered="1"/>
                <counter type="METHOD" missed="0" covered="1"/>
            </method>
            <method name="deleteAll" desc="()V" line="63">
                <counter type="INSTRUCTION" missed="0" covered="21"/>
                <counter type="BRANCH" missed="0" covered="2"/>
                <counter type="LINE" missed="0" covered="6"/>
                <counter type="COMPLEXITY" missed="0" covered="2"/>
                <counter type="METHOD" missed="0" covered="1"/>
            </method>
            <method name="setEm" desc="(Ljakarta/persistence/EntityManager;)V" line="72">
                <counter type="INSTRUCTION" missed="0" covered="4"/>
                <counter type="LINE" missed="0" covered="2"/>
                <counter type="COMPLEXITY" missed="0" covered="1"/>
                <counter type="METHOD" missed="0" covered="1"/>
            </method>
            <counter type="INSTRUCTION" missed="41" covered="91"/>
            <counter type="BRANCH" missed="0" covered="2"/>
            <counter type="LINE" missed="10" covered="29"/>
            <counter type="COMPLEXITY" missed="1" covered="9"/>
            <counter type="METHOD" missed="1" covered="8"/>
            <counter type="CLASS" missed="0" covered="1"/>
        </class>
        <class name="dao/GuestDao" sourcefilename="GuestDao.java">
            <method name="&lt;init&gt;" desc="()V" line="11">
                <counter type="INSTRUCTION" missed="0" covered="6"/>
                <counter type="LINE" missed="0" covered="2"/>
                <counter type="COMPLEXITY" missed="0" covered="1"/>
                <counter type="METHOD" missed="0" covered="1"/>
            </method>
            <method name="persist" desc="(Lmodel/Guest;)V" line="16">
                <counter type="INSTRUCTION" missed="11" covered="14"/>
                <counter type="LINE" missed="3" covered="5"/>
                <counter type="COMPLEXITY" missed="0" covered="1"/>
                <counter type="METHOD" missed="0" covered="1"/>
            </method>
            <method name="find" desc="(I)Lmodel/Guest;" line="27">
                <counter type="INSTRUCTION" missed="0" covered="8"/>
                <counter type="LINE" missed="0" covered="1"/>
                <counter type="COMPLEXITY" missed="0" covered="1"/>
                <counter type="METHOD" missed="0" covered="1"/>
            </method>
            <method name="findAll" desc="()Ljava/util/List;" line="32">
                <counter type="INSTRUCTION" missed="0" covered="7"/>
                <counter type="LINE" missed="0" covered="1"/>
                <counter type="COMPLEXITY" missed="0" covered="1"/>
                <counter type="METHOD" missed="0" covered="1"/>
            </method>
            <method name="update" desc="(Lmodel/Guest;)V" line="37">
                <counter type="INSTRUCTION" missed="0" covered="14"/>
                <counter type="LINE" missed="0" covered="4"/>
                <counter type="COMPLEXITY" missed="0" covered="1"/>
                <counter type="METHOD" missed="0" covered="1"/>
            </method>
            <method name="delete" desc="(Lmodel/Guest;)V" line="45">
                <counter type="INSTRUCTION" missed="11" covered="33"/>
                <counter type="BRANCH" missed="0" covered="2"/>
                <counter type="LINE" missed="3" covered="8"/>
                <counter type="COMPLEXITY" missed="0" covered="2"/>
                <counter type="METHOD" missed="0" covered="1"/>
            </method>
            <method name="deleteAll" desc="()V" line="59">
                <counter type="INSTRUCTION" missed="0" covered="21"/>
                <counter type="BRANCH" missed="0" covered="2"/>
                <counter type="LINE" missed="0" covered="6"/>
                <counter type="COMPLEXITY" missed="0" covered="2"/>
                <counter type="METHOD" missed="0" covered="1"/>
            </method>
            <method name="setEm" desc="(Ljakarta/persistence/EntityManager;)V" line="68">
                <counter type="INSTRUCTION" missed="0" covered="4"/>
                <counter type="LINE" missed="0" covered="2"/>
                <counter type="COMPLEXITY" missed="0" covered="1"/>
                <counter type="METHOD" missed="0" covered="1"/>
            </method>
            <counter type="INSTRUCTION" missed="22" covered="107"/>
            <counter type="BRANCH" missed="0" covered="4"/>
            <counter type="LINE" missed="6" covered="29"/>
            <counter type="COMPLEXITY" missed="0" covered="10"/>
            <counter type="METHOD" missed="0" covered="8"/>
            <counter type="CLASS" missed="0" covered="1"/>
        </class>
        <class name="dao/IDao" sourcefilename="IDao.java"/>
        <sourcefile name="MatchDao.java">
            <line nr="10" mi="0" ci="2" mb="0" cb="0"/>
            <line nr="11" mi="0" ci="4" mb="0" cb="0"/>
            <line nr="15" mi="0" ci="4" mb="0" cb="0"/>
            <line nr="16" mi="0" ci="4" mb="0" cb="0"/>
            <line nr="17" mi="0" ci="4" mb="0" cb="0"/>
            <line nr="18" mi="1" ci="0" mb="0" cb="0"/>
            <line nr="19" mi="4" ci="0" mb="0" cb="0"/>
            <line nr="20" mi="6" ci="0" mb="0" cb="0"/>
            <line nr="21" mi="0" ci="1" mb="0" cb="0"/>
            <line nr="22" mi="0" ci="1" mb="0" cb="0"/>
            <line nr="26" mi="8" ci="0" mb="0" cb="0"/>
            <line nr="30" mi="0" ci="7" mb="0" cb="0"/>
            <line nr="34" mi="0" ci="8" mb="0" cb="0"/>
            <line nr="35" mi="0" ci="1" mb="0" cb="0"/>
            <line nr="36" mi="0" ci="1" mb="0" cb="0"/>
            <line nr="41" mi="0" ci="4" mb="0" cb="0"/>
            <line nr="42" mi="0" ci="5" mb="0" cb="0"/>
            <line nr="43" mi="0" ci="4" mb="0" cb="0"/>
            <line nr="44" mi="1" ci="0" mb="0" cb="0"/>
            <line nr="45" mi="4" ci="0" mb="0" cb="0"/>
            <line nr="46" mi="6" ci="0" mb="0" cb="0"/>
            <line nr="47" mi="0" ci="1" mb="0" cb="0"/>
            <line nr="48" mi="0" ci="1" mb="0" cb="0"/>
            <line nr="53" mi="0" ci="4" mb="0" cb="0"/>
            <line nr="54" mi="0" ci="4" mb="0" cb="0"/>
            <line nr="55" mi="0" ci="4" mb="0" cb="0"/>
            <line nr="56" mi="1" ci="0" mb="0" cb="0"/>
            <line nr="57" mi="4" ci="0" mb="0" cb="0"/>
            <line nr="58" mi="6" ci="0" mb="0" cb="0"/>
            <line nr="59" mi="0" ci="1" mb="0" cb="0"/>
            <line nr="60" mi="0" ci="1" mb="0" cb="0"/>
            <line nr="63" mi="0" ci="3" mb="0" cb="0"/>
            <line nr="64" mi="0" ci="10" mb="0" cb="2"/>
            <line nr="65" mi="0" ci="3" mb="0" cb="0"/>
            <line nr="66" mi="0" ci="1" mb="0" cb="0"/>
            <line nr="67" mi="0" ci="3" mb="0" cb="0"/>
            <line nr="68" mi="0" ci="1" mb="0" cb="0"/>
            <line nr="72" mi="0" ci="3" mb="0" cb="0"/>
            <line nr="73" mi="0" ci="1" mb="0" cb="0"/>
            <counter type="INSTRUCTION" missed="41" covered="91"/>
            <counter type="BRANCH" missed="0" covered="2"/>
            <counter type="LINE" missed="10" covered="29"/>
            <counter type="COMPLEXITY" missed="1" covered="9"/>
            <counter type="METHOD" missed="1" covered="8"/>
            <counter type="CLASS" missed="0" covered="1"/>
        </sourcefile>
        <sourcefile name="UserDao.java">
            <line nr="11" mi="0" ci="2" mb="0" cb="0"/>
            <line nr="12" mi="0" ci="4" mb="0" cb="0"/>
            <line nr="16" mi="0" ci="4" mb="0" cb="0"/>
            <line nr="17" mi="0" ci="4" mb="0" cb="0"/>
            <line nr="18" mi="0" ci="4" mb="0" cb="0"/>
            <line nr="19" mi="1" ci="0" mb="0" cb="0"/>
            <line nr="20" mi="4" ci="0" mb="0" cb="0"/>
            <line nr="21" mi="6" ci="0" mb="0" cb="0"/>
            <line nr="22" mi="0" ci="1" mb="0" cb="0"/>
            <line nr="23" mi="0" ci="1" mb="0" cb="0"/>
            <line nr="26" mi="0" ci="8" mb="0" cb="0"/>
            <line nr="30" mi="0" ci="6" mb="0" cb="0"/>
            <line nr="31" mi="0" ci="5" mb="0" cb="0"/>
            <line nr="32" mi="0" ci="8" mb="0" cb="2"/>
            <line nr="36" mi="0" ci="6" mb="0" cb="0"/>
            <line nr="37" mi="0" ci="5" mb="0" cb="0"/>
            <line nr="38" mi="0" ci="5" mb="0" cb="0"/>
            <line nr="39" mi="0" ci="4" mb="0" cb="0"/>
            <line nr="44" mi="0" ci="7" mb="0" cb="0"/>
            <line nr="49" mi="0" ci="4" mb="0" cb="0"/>
            <line nr="50" mi="0" ci="5" mb="0" cb="0"/>
            <line nr="51" mi="0" ci="4" mb="0" cb="0"/>
            <line nr="52" mi="1" ci="0" mb="0" cb="0"/>
            <line nr="53" mi="4" ci="0" mb="0" cb="0"/>
            <line nr="54" mi="6" ci="0" mb="0" cb="0"/>
            <line nr="55" mi="0" ci="1" mb="0" cb="0"/>
            <line nr="56" mi="0" ci="1" mb="0" cb="0"/>
            <line nr="61" mi="0" ci="4" mb="0" cb="0"/>
            <line nr="63" mi="0" ci="6" mb="0" cb="0"/>
            <line nr="64" mi="0" ci="1" mb="0" cb="0"/>
            <line nr="65" mi="0" ci="2" mb="0" cb="0"/>
            <line nr="66" mi="4" ci="10" mb="1" cb="1"/>
            <line nr="67" mi="0" ci="4" mb="0" cb="0"/>
            <line nr="68" mi="1" ci="0" mb="0" cb="0"/>
            <line nr="69" mi="4" ci="0" mb="0" cb="0"/>
            <line nr="70" mi="6" ci="0" mb="0" cb="0"/>
            <line nr="71" mi="0" ci="1" mb="0" cb="0"/>
            <line nr="72" mi="0" ci="1" mb="0" cb="0"/>
            <line nr="75" mi="0" ci="3" mb="0" cb="0"/>
            <line nr="76" mi="0" ci="10" mb="0" cb="2"/>
            <line nr="77" mi="0" ci="3" mb="0" cb="0"/>
            <line nr="78" mi="0" ci="1" mb="0" cb="0"/>
            <line nr="79" mi="0" ci="3" mb="0" cb="0"/>
            <line nr="80" mi="0" ci="1" mb="0" cb="0"/>
            <line nr="84" mi="0" ci="3" mb="0" cb="0"/>
            <line nr="85" mi="0" ci="1" mb="0" cb="0"/>
            <counter type="INSTRUCTION" missed="37" covered="143"/>
            <counter type="BRANCH" missed="1" covered="5"/>
            <counter type="LINE" missed="9" covered="37"/>
            <counter type="COMPLEXITY" missed="1" covered="12"/>
            <counter type="METHOD" missed="0" covered="10"/>
            <counter type="CLASS" missed="0" covered="1"/>
        </sourcefile>
        <sourcefile name="GuestDao.java">
            <line nr="11" mi="0" ci="2" mb="0" cb="0"/>
            <line nr="12" mi="0" ci="4" mb="0" cb="0"/>
            <line nr="16" mi="0" ci="4" mb="0" cb="0"/>
            <line nr="17" mi="0" ci="4" mb="0" cb="0"/>
            <line nr="18" mi="0" ci="4" mb="0" cb="0"/>
            <line nr="19" mi="1" ci="0" mb="0" cb="0"/>
            <line nr="20" mi="4" ci="0" mb="0" cb="0"/>
            <line nr="21" mi="6" ci="0" mb="0" cb="0"/>
            <line nr="22" mi="0" ci="1" mb="0" cb="0"/>
            <line nr="23" mi="0" ci="1" mb="0" cb="0"/>
            <line nr="27" mi="0" ci="8" mb="0" cb="0"/>
            <line nr="32" mi="0" ci="7" mb="0" cb="0"/>
            <line nr="37" mi="0" ci="4" mb="0" cb="0"/>
            <line nr="38" mi="0" ci="5" mb="0" cb="0"/>
            <line nr="39" mi="0" ci="4" mb="0" cb="0"/>
            <line nr="40" mi="0" ci="1" mb="0" cb="0"/>
            <line nr="45" mi="0" ci="4" mb="0" cb="0"/>
            <line nr="47" mi="0" ci="6" mb="0" cb="0"/>
            <line nr="48" mi="0" ci="1" mb="0" cb="0"/>
            <line nr="49" mi="0" ci="2" mb="0" cb="0"/>
            <line nr="50" mi="0" ci="14" mb="0" cb="2"/>
            <line nr="51" mi="0" ci="4" mb="0" cb="0"/>
            <line nr="52" mi="1" ci="0" mb="0" cb="0"/>
            <line nr="53" mi="4" ci="0" mb="0" cb="0"/>
            <line nr="54" mi="6" ci="0" mb="0" cb="0"/>
            <line nr="55" mi="0" ci="1" mb="0" cb="0"/>
            <line nr="56" mi="0" ci="1" mb="0" cb="0"/>
            <line nr="59" mi="0" ci="3" mb="0" cb="0"/>
            <line nr="60" mi="0" ci="10" mb="0" cb="2"/>
            <line nr="61" mi="0" ci="3" mb="0" cb="0"/>
            <line nr="62" mi="0" ci="1" mb="0" cb="0"/>
            <line nr="63" mi="0" ci="3" mb="0" cb="0"/>
            <line nr="64" mi="0" ci="1" mb="0" cb="0"/>
            <line nr="68" mi="0" ci="3" mb="0" cb="0"/>
            <line nr="69" mi="0" ci="1" mb="0" cb="0"/>
            <counter type="INSTRUCTION" missed="22" covered="107"/>
            <counter type="BRANCH" missed="0" covered="4"/>
            <counter type="LINE" missed="6" covered="29"/>
            <counter type="COMPLEXITY" missed="0" covered="10"/>
            <counter type="METHOD" missed="0" covered="8"/>
            <counter type="CLASS" missed="0" covered="1"/>
        </sourcefile>
        <sourcefile name="IDao.java"/>
        <counter type="INSTRUCTION" missed="100" covered="341"/>
        <counter type="BRANCH" missed="1" covered="11"/>
        <counter type="LINE" missed="25" covered="95"/>
        <counter type="COMPLEXITY" missed="2" covered="31"/>
        <counter type="METHOD" missed="1" covered="26"/>
        <counter type="CLASS" missed="0" covered="3"/>
    </package>
    <package name="util">
        <class name="util/SceneNames" sourcefilename="SceneNames.java">
            <method name="&lt;init&gt;" desc="()V" line="3">
                <counter type="INSTRUCTION" missed="3" covered="0"/>
                <counter type="LINE" missed="1" covered="0"/>
                <counter type="COMPLEXITY" missed="1" covered="0"/>
                <counter type="METHOD" missed="1" covered="0"/>
            </method>
            <counter type="INSTRUCTION" missed="3" covered="0"/>
            <counter type="LINE" missed="1" covered="0"/>
            <counter type="COMPLEXITY" missed="1" covered="0"/>
            <counter type="METHOD" missed="1" covered="0"/>
            <counter type="CLASS" missed="1" covered="0"/>
        </class>
        <class name="util/CategoryFilter" sourcefilename="CategoryFilter.java">
            <method name="&lt;init&gt;" desc="()V" line="8">
                <counter type="INSTRUCTION" missed="3" covered="0"/>
                <counter type="LINE" missed="1" covered="0"/>
                <counter type="COMPLEXITY" missed="1" covered="0"/>
                <counter type="METHOD" missed="1" covered="0"/>
            </method>
            <method name="filterEnums" desc="(Ljava/util/List;Ljava/lang/Class;)Ljava/util/List;" line="11">
                <counter type="INSTRUCTION" missed="0" covered="18"/>
                <counter type="LINE" missed="0" covered="4"/>
                <counter type="COMPLEXITY" missed="0" covered="1"/>
                <counter type="METHOD" missed="0" covered="1"/>
            </method>
            <counter type="INSTRUCTION" missed="3" covered="18"/>
            <counter type="LINE" missed="1" covered="4"/>
            <counter type="COMPLEXITY" missed="1" covered="1"/>
            <counter type="METHOD" missed="1" covered="1"/>
            <counter type="CLASS" missed="0" covered="1"/>
        </class>
        <class name="util/MatchUtils" sourcefilename="MatchUtils.java">
            <method name="&lt;init&gt;" desc="()V" line="8">
                <counter type="INSTRUCTION" missed="3" covered="0"/>
                <counter type="LINE" missed="1" covered="0"/>
                <counter type="COMPLEXITY" missed="1" covered="0"/>
                <counter type="METHOD" missed="1" covered="0"/>
            </method>
            <method name="findCommonInterests" desc="(Ljava/util/List;Ljava/util/List;)Ljava/util/List;" line="10">
                <counter type="INSTRUCTION" missed="0" covered="18"/>
                <counter type="LINE" missed="0" covered="4"/>
                <counter type="COMPLEXITY" missed="0" covered="1"/>
                <counter type="METHOD" missed="0" covered="1"/>
            </method>
            <method name="formatInterests" desc="(Ljava/util/List;)Ljava/lang/String;" line="17">
                <counter type="INSTRUCTION" missed="0" covered="11"/>
                <counter type="LINE" missed="0" covered="4"/>
                <counter type="COMPLEXITY" missed="0" covered="1"/>
                <counter type="METHOD" missed="0" covered="1"/>
            </method>
            <method name="lambda$formatInterests$0" desc="(Ljava/lang/String;)Ljava/lang/String;" line="19">
                <counter type="INSTRUCTION" missed="0" covered="6"/>
                <counter type="LINE" missed="0" covered="1"/>
                <counter type="COMPLEXITY" missed="0" covered="1"/>
                <counter type="METHOD" missed="0" covered="1"/>
            </method>
            <counter type="INSTRUCTION" missed="3" covered="35"/>
            <counter type="LINE" missed="1" covered="8"/>
            <counter type="COMPLEXITY" missed="1" covered="3"/>
            <counter type="METHOD" missed="1" covered="3"/>
            <counter type="CLASS" missed="0" covered="1"/>
        </class>
        <class name="util/ProfilePictureUtil" sourcefilename="ProfilePictureUtil.java">
            <method name="&lt;init&gt;" desc="()V" line="7">
                <counter type="INSTRUCTION" missed="3" covered="0"/>
                <counter type="LINE" missed="1" covered="0"/>
                <counter type="COMPLEXITY" missed="1" covered="0"/>
                <counter type="METHOD" missed="1" covered="0"/>
            </method>
            <method name="getProfilePicture" desc="(I)Ljavafx/scene/image/Image;" line="14">
                <counter type="INSTRUCTION" missed="16" covered="25"/>
                <counter type="BRANCH" missed="1" covered="1"/>
                <counter type="LINE" missed="2" covered="5"/>
                <counter type="COMPLEXITY" missed="1" covered="1"/>
                <counter type="METHOD" missed="0" covered="1"/>
            </method>
            <method name="getProfilePictureView" desc="(III)Ljavafx/scene/image/ImageView;" line="25">
                <counter type="INSTRUCTION" missed="0" covered="19"/>
                <counter type="LINE" missed="0" covered="5"/>
                <counter type="COMPLEXITY" missed="0" covered="1"/>
                <counter type="METHOD" missed="0" covered="1"/>
            </method>
            <method name="&lt;clinit&gt;" desc="()V" line="8">
                <counter type="INSTRUCTION" missed="0" covered="32"/>
                <counter type="LINE" missed="0" covered="1"/>
                <counter type="COMPLEXITY" missed="0" covered="1"/>
                <counter type="METHOD" missed="0" covered="1"/>
            </method>
            <counter type="INSTRUCTION" missed="19" covered="76"/>
            <counter type="BRANCH" missed="1" covered="1"/>
            <counter type="LINE" missed="3" covered="11"/>
            <counter type="COMPLEXITY" missed="2" covered="3"/>
            <counter type="METHOD" missed="1" covered="3"/>
            <counter type="CLASS" missed="0" covered="1"/>
        </class>
        <sourcefile name="ProfilePictureUtil.java">
            <line nr="7" mi="3" ci="0" mb="0" cb="0"/>
            <line nr="8" mi="0" ci="32" mb="0" cb="0"/>
            <line nr="14" mi="0" ci="6" mb="0" cb="0"/>
            <line nr="15" mi="0" ci="5" mb="0" cb="0"/>
            <line nr="16" mi="0" ci="9" mb="0" cb="0"/>
            <line nr="17" mi="0" ci="3" mb="1" cb="1"/>
            <line nr="18" mi="4" ci="0" mb="0" cb="0"/>
            <line nr="19" mi="12" ci="0" mb="0" cb="0"/>
            <line nr="21" mi="0" ci="2" mb="0" cb="0"/>
            <line nr="25" mi="0" ci="6" mb="0" cb="0"/>
            <line nr="26" mi="0" ci="4" mb="0" cb="0"/>
            <line nr="27" mi="0" ci="4" mb="0" cb="0"/>
            <line nr="28" mi="0" ci="3" mb="0" cb="0"/>
            <line nr="29" mi="0" ci="2" mb="0" cb="0"/>
            <counter type="INSTRUCTION" missed="19" covered="76"/>
            <counter type="BRANCH" missed="1" covered="1"/>
            <counter type="LINE" missed="3" covered="11"/>
            <counter type="COMPLEXITY" missed="2" covered="3"/>
            <counter type="METHOD" missed="1" covered="3"/>
            <counter type="CLASS" missed="0" covered="1"/>
        </sourcefile>
        <sourcefile name="SceneNames.java">
            <line nr="3" mi="3" ci="0" mb="0" cb="0"/>
            <counter type="INSTRUCTION" missed="3" covered="0"/>
            <counter type="LINE" missed="1" covered="0"/>
            <counter type="COMPLEXITY" missed="1" covered="0"/>
            <counter type="METHOD" missed="1" covered="0"/>
            <counter type="CLASS" missed="1" covered="0"/>
        </sourcefile>
        <sourcefile name="CategoryFilter.java">
            <line nr="8" mi="3" ci="0" mb="0" cb="0"/>
            <line nr="11" mi="0" ci="5" mb="0" cb="0"/>
            <line nr="12" mi="0" ci="6" mb="0" cb="0"/>
            <line nr="13" mi="0" ci="4" mb="0" cb="0"/>
            <line nr="14" mi="0" ci="3" mb="0" cb="0"/>
            <counter type="INSTRUCTION" missed="3" covered="18"/>
            <counter type="LINE" missed="1" covered="4"/>
            <counter type="COMPLEXITY" missed="1" covered="1"/>
            <counter type="METHOD" missed="1" covered="1"/>
            <counter type="CLASS" missed="0" covered="1"/>
        </sourcefile>
        <sourcefile name="MatchUtils.java">
            <line nr="8" mi="3" ci="0" mb="0" cb="0"/>
            <line nr="10" mi="0" ci="7" mb="0" cb="0"/>
            <line nr="11" mi="0" ci="5" mb="0" cb="0"/>
            <line nr="12" mi="0" ci="4" mb="0" cb="0"/>
            <line nr="13" mi="0" ci="2" mb="0" cb="0"/>
            <line nr="17" mi="0" ci="4" mb="0" cb="0"/>
            <line nr="18" mi="0" ci="2" mb="0" cb="0"/>
            <line nr="19" mi="0" ci="8" mb="0" cb="0"/>
            <line nr="20" mi="0" ci="3" mb="0" cb="0"/>
            <counter type="INSTRUCTION" missed="3" covered="35"/>
            <counter type="LINE" missed="1" covered="8"/>
            <counter type="COMPLEXITY" missed="1" covered="3"/>
            <counter type="METHOD" missed="1" covered="3"/>
            <counter type="CLASS" missed="0" covered="1"/>
        </sourcefile>
        <counter type="INSTRUCTION" missed="28" covered="129"/>
        <counter type="BRANCH" missed="1" covered="1"/>
        <counter type="LINE" missed="6" covered="23"/>
        <counter type="COMPLEXITY" missed="5" covered="7"/>
        <counter type="METHOD" missed="4" covered="7"/>
        <counter type="CLASS" missed="1" covered="3"/>
    </package>
    <package name="service">
        <class name="service/GuestService" sourcefilename="GuestService.java">
            <method name="&lt;init&gt;" desc="()V" line="13">
                <counter type="INSTRUCTION" missed="0" covered="8"/>
                <counter type="LINE" missed="0" covered="3"/>
                <counter type="COMPLEXITY" missed="0" covered="1"/>
                <counter type="METHOD" missed="0" covered="1"/>
            </method>
            <method name="registerGuest" desc="(Lmodel/Guest;)V" line="18">
                <counter type="INSTRUCTION" missed="0" covered="5"/>
                <counter type="LINE" missed="0" covered="2"/>
                <counter type="COMPLEXITY" missed="0" covered="1"/>
                <counter type="METHOD" missed="0" covered="1"/>
            </method>
            <method name="findGuestById" desc="(I)Lmodel/Guest;" line="22">
                <counter type="INSTRUCTION" missed="0" covered="5"/>
                <counter type="LINE" missed="0" covered="1"/>
                <counter type="COMPLEXITY" missed="0" covered="1"/>
                <counter type="METHOD" missed="0" covered="1"/>
            </method>
            <method name="getAllGuests" desc="()Ljava/util/List;" line="26">
                <counter type="INSTRUCTION" missed="0" covered="4"/>
                <counter type="LINE" missed="0" covered="1"/>
                <counter type="COMPLEXITY" missed="0" covered="1"/>
                <counter type="METHOD" missed="0" covered="1"/>
            </method>
            <method name="updateGuest" desc="(Lmodel/Guest;)V" line="30">
                <counter type="INSTRUCTION" missed="0" covered="5"/>
                <counter type="LINE" missed="0" covered="2"/>
                <counter type="COMPLEXITY" missed="0" covered="1"/>
                <counter type="METHOD" missed="0" covered="1"/>
            </method>
            <method name="deleteGuest" desc="(Lmodel/Guest;)V" line="34">
                <counter type="INSTRUCTION" missed="0" covered="5"/>
                <counter type="LINE" missed="0" covered="2"/>
                <counter type="COMPLEXITY" missed="0" covered="1"/>
                <counter type="METHOD" missed="0" covered="1"/>
            </method>
            <method name="deleteAllGuests" desc="()V" line="38">
                <counter type="INSTRUCTION" missed="0" covered="4"/>
                <counter type="LINE" missed="0" covered="2"/>
                <counter type="COMPLEXITY" missed="0" covered="1"/>
                <counter type="METHOD" missed="0" covered="1"/>
            </method>
            <method name="setEm" desc="(Ljakarta/persistence/EntityManager;)V" line="43">
                <counter type="INSTRUCTION" missed="0" covered="5"/>
                <counter type="LINE" missed="0" covered="2"/>
                <counter type="COMPLEXITY" missed="0" covered="1"/>
                <counter type="METHOD" missed="0" covered="1"/>
            </method>
            <counter type="INSTRUCTION" missed="0" covered="41"/>
            <counter type="LINE" missed="0" covered="15"/>
            <counter type="COMPLEXITY" missed="0" covered="8"/>
            <counter type="METHOD" missed="0" covered="8"/>
            <counter type="CLASS" missed="0" covered="1"/>
        </class>
        <class name="service/UserService" sourcefilename="UserService.java">
            <method name="&lt;init&gt;" desc="()V" line="13">
                <counter type="INSTRUCTION" missed="0" covered="8"/>
                <counter type="LINE" missed="0" covered="3"/>
                <counter type="COMPLEXITY" missed="0" covered="1"/>
                <counter type="METHOD" missed="0" covered="1"/>
            </method>
            <method name="registerUser" desc="(Lmodel/User;)V" line="18">
                <counter type="INSTRUCTION" missed="0" covered="5"/>
                <counter type="LINE" missed="0" covered="2"/>
                <counter type="COMPLEXITY" missed="0" covered="1"/>
                <counter type="METHOD" missed="0" covered="1"/>
            </method>
            <method name="findUserById" desc="(I)Lmodel/User;" line="22">
                <counter type="INSTRUCTION" missed="0" covered="5"/>
                <counter type="LINE" missed="0" covered="1"/>
                <counter type="COMPLEXITY" missed="0" covered="1"/>
                <counter type="METHOD" missed="0" covered="1"/>
            </method>
            <method name="getAllUsers" desc="()Ljava/util/List;" line="26">
                <counter type="INSTRUCTION" missed="0" covered="4"/>
                <counter type="LINE" missed="0" covered="1"/>
                <counter type="COMPLEXITY" missed="0" covered="1"/>
                <counter type="METHOD" missed="0" covered="1"/>
            </method>
            <method name="updateUser" desc="(Lmodel/User;)V" line="30">
                <counter type="INSTRUCTION" missed="0" covered="5"/>
                <counter type="LINE" missed="0" covered="2"/>
                <counter type="COMPLEXITY" missed="0" covered="1"/>
                <counter type="METHOD" missed="0" covered="1"/>
            </method>
            <method name="deleteUser" desc="(Lmodel/User;)V" line="34">
                <counter type="INSTRUCTION" missed="0" covered="5"/>
                <counter type="LINE" missed="0" covered="2"/>
                <counter type="COMPLEXITY" missed="0" covered="1"/>
                <counter type="METHOD" missed="0" covered="1"/>
            </method>
            <method name="deleteAllUsers" desc="()V" line="37">
                <counter type="INSTRUCTION" missed="0" covered="4"/>
                <counter type="LINE" missed="0" covered="1"/>
                <counter type="COMPLEXITY" missed="0" covered="1"/>
                <counter type="METHOD" missed="0" covered="1"/>
            </method>
            <method name="setUserDaoEm" desc="(Ljakarta/persistence/EntityManager;)V" line="41">
                <counter type="INSTRUCTION" missed="0" covered="5"/>
                <counter type="LINE" missed="0" covered="2"/>
                <counter type="COMPLEXITY" missed="0" covered="1"/>
                <counter type="METHOD" missed="0" covered="1"/>
            </method>
            <method name="existsByEmail" desc="(Ljava/lang/String;)Z" line="44">
                <counter type="INSTRUCTION" missed="0" covered="5"/>
                <counter type="LINE" missed="0" covered="1"/>
                <counter type="COMPLEXITY" missed="0" covered="1"/>
                <counter type="METHOD" missed="0" covered="1"/>
            </method>
            <method name="findByEmailAndPassword" desc="(Ljava/lang/String;Ljava/lang/String;)Ljava/util/Optional;"
                    line="47">
                <counter type="INSTRUCTION" missed="0" covered="6"/>
                <counter type="LINE" missed="0" covered="1"/>
                <counter type="COMPLEXITY" missed="0" covered="1"/>
                <counter type="METHOD" missed="0" covered="1"/>
            </method>
            <counter type="INSTRUCTION" missed="0" covered="52"/>
            <counter type="LINE" missed="0" covered="16"/>
            <counter type="COMPLEXITY" missed="0" covered="10"/>
            <counter type="METHOD" missed="0" covered="10"/>
            <counter type="CLASS" missed="0" covered="1"/>
        </class>
        <class name="service/MatchService" sourcefilename="MatchService.java">
            <method name="&lt;init&gt;" desc="()V" line="13">
                <counter type="INSTRUCTION" missed="0" covered="8"/>
                <counter type="LINE" missed="0" covered="3"/>
                <counter type="COMPLEXITY" missed="0" covered="1"/>
                <counter type="METHOD" missed="0" covered="1"/>
            </method>
            <method name="addMatch" desc="(Lmodel/Match;)V" line="18">
                <counter type="INSTRUCTION" missed="0" covered="5"/>
                <counter type="LINE" missed="0" covered="2"/>
                <counter type="COMPLEXITY" missed="0" covered="1"/>
                <counter type="METHOD" missed="0" covered="1"/>
            </method>
            <method name="findMatchById" desc="(I)Lmodel/Match;" line="22">
                <counter type="INSTRUCTION" missed="5" covered="0"/>
                <counter type="LINE" missed="1" covered="0"/>
                <counter type="COMPLEXITY" missed="1" covered="0"/>
                <counter type="METHOD" missed="1" covered="0"/>
            </method>
            <method name="findAllMatches" desc="()Ljava/util/List;" line="26">
                <counter type="INSTRUCTION" missed="0" covered="4"/>
                <counter type="LINE" missed="0" covered="1"/>
                <counter type="COMPLEXITY" missed="0" covered="1"/>
                <counter type="METHOD" missed="0" covered="1"/>
            </method>
            <method name="findByParticipant" desc="(Lmodel/Participant;)Ljava/util/List;" line="30">
                <counter type="INSTRUCTION" missed="0" covered="5"/>
                <counter type="LINE" missed="0" covered="1"/>
                <counter type="COMPLEXITY" missed="0" covered="1"/>
                <counter type="METHOD" missed="0" covered="1"/>
            </method>
            <method name="updateMatch" desc="(Lmodel/Match;)V" line="34">
                <counter type="INSTRUCTION" missed="0" covered="5"/>
                <counter type="LINE" missed="0" covered="2"/>
                <counter type="COMPLEXITY" missed="0" covered="1"/>
                <counter type="METHOD" missed="0" covered="1"/>
            </method>
            <method name="deleteMatch" desc="(Lmodel/Match;)V" line="38">
                <counter type="INSTRUCTION" missed="0" covered="5"/>
                <counter type="LINE" missed="0" covered="2"/>
                <counter type="COMPLEXITY" missed="0" covered="1"/>
                <counter type="METHOD" missed="0" covered="1"/>
            </method>
            <method name="deleteAllMatches" desc="()V" line="42">
                <counter type="INSTRUCTION" missed="0" covered="4"/>
                <counter type="LINE" missed="0" covered="2"/>
                <counter type="COMPLEXITY" missed="0" covered="1"/>
                <counter type="METHOD" missed="0" covered="1"/>
            </method>
            <method name="setEm" desc="(Ljakarta/persistence/EntityManager;)V" line="47">
                <counter type="INSTRUCTION" missed="0" covered="5"/>
                <counter type="LINE" missed="0" covered="2"/>
                <counter type="COMPLEXITY" missed="0" covered="1"/>
                <counter type="METHOD" missed="0" covered="1"/>
            </method>
            <counter type="INSTRUCTION" missed="5" covered="41"/>
            <counter type="LINE" missed="1" covered="15"/>
            <counter type="COMPLEXITY" missed="1" covered="8"/>
            <counter type="METHOD" missed="1" covered="8"/>
            <counter type="CLASS" missed="0" covered="1"/>
        </class>
        <sourcefile name="MatchService.java">
            <line nr="13" mi="0" ci="2" mb="0" cb="0"/>
            <line nr="14" mi="0" ci="5" mb="0" cb="0"/>
            <line nr="15" mi="0" ci="1" mb="0" cb="0"/>
            <line nr="18" mi="0" ci="4" mb="0" cb="0"/>
            <line nr="19" mi="0" ci="1" mb="0" cb="0"/>
            <line nr="22" mi="5" ci="0" mb="0" cb="0"/>
            <line nr="26" mi="0" ci="4" mb="0" cb="0"/>
            <line nr="30" mi="0" ci="5" mb="0" cb="0"/>
            <line nr="34" mi="0" ci="4" mb="0" cb="0"/>
            <line nr="35" mi="0" ci="1" mb="0" cb="0"/>
            <line nr="38" mi="0" ci="4" mb="0" cb="0"/>
            <line nr="39" mi="0" ci="1" mb="0" cb="0"/>
            <line nr="42" mi="0" ci="3" mb="0" cb="0"/>
            <line nr="43" mi="0" ci="1" mb="0" cb="0"/>
            <line nr="47" mi="0" ci="4" mb="0" cb="0"/>
            <line nr="48" mi="0" ci="1" mb="0" cb="0"/>
            <counter type="INSTRUCTION" missed="5" covered="41"/>
            <counter type="LINE" missed="1" covered="15"/>
            <counter type="COMPLEXITY" missed="1" covered="8"/>
            <counter type="METHOD" missed="1" covered="8"/>
            <counter type="CLASS" missed="0" covered="1"/>
        </sourcefile>
        <sourcefile name="UserService.java">
            <line nr="13" mi="0" ci="2" mb="0" cb="0"/>
            <line nr="14" mi="0" ci="5" mb="0" cb="0"/>
            <line nr="15" mi="0" ci="1" mb="0" cb="0"/>
            <line nr="18" mi="0" ci="4" mb="0" cb="0"/>
            <line nr="19" mi="0" ci="1" mb="0" cb="0"/>
            <line nr="22" mi="0" ci="5" mb="0" cb="0"/>
            <line nr="26" mi="0" ci="4" mb="0" cb="0"/>
            <line nr="30" mi="0" ci="4" mb="0" cb="0"/>
            <line nr="31" mi="0" ci="1" mb="0" cb="0"/>
            <line nr="34" mi="0" ci="4" mb="0" cb="0"/>
            <line nr="35" mi="0" ci="1" mb="0" cb="0"/>
            <line nr="37" mi="0" ci="4" mb="0" cb="0"/>
            <line nr="41" mi="0" ci="4" mb="0" cb="0"/>
            <line nr="42" mi="0" ci="1" mb="0" cb="0"/>
            <line nr="44" mi="0" ci="5" mb="0" cb="0"/>
            <line nr="47" mi="0" ci="6" mb="0" cb="0"/>
            <counter type="INSTRUCTION" missed="0" covered="52"/>
            <counter type="LINE" missed="0" covered="16"/>
            <counter type="COMPLEXITY" missed="0" covered="10"/>
            <counter type="METHOD" missed="0" covered="10"/>
            <counter type="CLASS" missed="0" covered="1"/>
        </sourcefile>
        <sourcefile name="GuestService.java">
            <line nr="13" mi="0" ci="2" mb="0" cb="0"/>
            <line nr="14" mi="0" ci="5" mb="0" cb="0"/>
            <line nr="15" mi="0" ci="1" mb="0" cb="0"/>
            <line nr="18" mi="0" ci="4" mb="0" cb="0"/>
            <line nr="19" mi="0" ci="1" mb="0" cb="0"/>
            <line nr="22" mi="0" ci="5" mb="0" cb="0"/>
            <line nr="26" mi="0" ci="4" mb="0" cb="0"/>
            <line nr="30" mi="0" ci="4" mb="0" cb="0"/>
            <line nr="31" mi="0" ci="1" mb="0" cb="0"/>
            <line nr="34" mi="0" ci="4" mb="0" cb="0"/>
            <line nr="35" mi="0" ci="1" mb="0" cb="0"/>
            <line nr="38" mi="0" ci="3" mb="0" cb="0"/>
            <line nr="39" mi="0" ci="1" mb="0" cb="0"/>
            <line nr="43" mi="0" ci="4" mb="0" cb="0"/>
            <line nr="44" mi="0" ci="1" mb="0" cb="0"/>
            <counter type="INSTRUCTION" missed="0" covered="41"/>
            <counter type="LINE" missed="0" covered="15"/>
            <counter type="COMPLEXITY" missed="0" covered="8"/>
            <counter type="METHOD" missed="0" covered="8"/>
            <counter type="CLASS" missed="0" covered="1"/>
        </sourcefile>
        <counter type="INSTRUCTION" missed="5" covered="134"/>
        <counter type="LINE" missed="1" covered="46"/>
        <counter type="COMPLEXITY" missed="1" covered="26"/>
        <counter type="METHOD" missed="1" covered="26"/>
        <counter type="CLASS" missed="0" covered="3"/>
    </package>
    <package name="datasource">
        <class name="datasource/MariaDbJpaConnection" sourcefilename="MariaDbJpaConnection.java">
            <method name="&lt;init&gt;" desc="()V" line="5">
                <counter type="INSTRUCTION" missed="3" covered="0"/>
                <counter type="LINE" missed="1" covered="0"/>
                <counter type="COMPLEXITY" missed="1" covered="0"/>
                <counter type="METHOD" missed="1" covered="0"/>
            </method>
            <method name="getInstance" desc="()Ljakarta/persistence/EntityManager;" line="12">
                <counter type="INSTRUCTION" missed="0" covered="12"/>
                <counter type="BRANCH" missed="1" covered="3"/>
                <counter type="LINE" missed="0" covered="5"/>
                <counter type="COMPLEXITY" missed="1" covered="2"/>
                <counter type="METHOD" missed="0" covered="1"/>
            </method>
            <method name="&lt;clinit&gt;" desc="()V" line="7">
                <counter type="INSTRUCTION" missed="0" covered="5"/>
                <counter type="LINE" missed="0" covered="2"/>
                <counter type="COMPLEXITY" missed="0" covered="1"/>
                <counter type="METHOD" missed="0" covered="1"/>
            </method>
            <counter type="INSTRUCTION" missed="3" covered="17"/>
            <counter type="BRANCH" missed="1" covered="3"/>
            <counter type="LINE" missed="1" covered="7"/>
            <counter type="COMPLEXITY" missed="2" covered="3"/>
            <counter type="METHOD" missed="1" covered="2"/>
            <counter type="CLASS" missed="0" covered="1"/>
        </class>
[...]
            <line nr="64" mi="0" ci="3" mb="0" cb="0"/>
            <line nr="65" mi="0" ci="1" mb="0" cb="0"/>
            <line nr="68" mi="0" ci="3" mb="0" cb="0"/>
            <line nr="72" mi="0" ci="3" mb="0" cb="0"/>
            <line nr="73" mi="0" ci="1" mb="0" cb="0"/>
            <counter type="INSTRUCTION" missed="7" covered="44"/>
            <counter type="LINE" missed="3" covered="17"/>
            <counter type="COMPLEXITY" missed="2" covered="9"/>
            <counter type="METHOD" missed="2" covered="9"/>
            <counter type="CLASS" missed="0" covered="1"/>
        </sourcefile>
        <sourcefile name="Guest.java">
            <line nr="24" mi="0" ci="4" mb="0" cb="0"/>
            <line nr="25" mi="0" ci="1" mb="0" cb="0"/>
            <line nr="27" mi="0" ci="3" mb="0" cb="0"/>
            <counter type="INSTRUCTION" missed="0" covered="8"/>
            <counter type="LINE" missed="0" covered="3"/>
            <counter type="COMPLEXITY" missed="0" covered="2"/>
            <counter type="METHOD" missed="0" covered="2"/>
            <counter type="CLASS" missed="0" covered="1"/>
        </sourcefile>
        <sourcefile name="Match.java">
            <line nr="26" mi="0" ci="2" mb="0" cb="0"/>
            <line nr="27" mi="0" ci="3" mb="0" cb="0"/>
            <line nr="28" mi="0" ci="3" mb="0" cb="0"/>
            <line nr="29" mi="0" ci="3" mb="0" cb="0"/>
            <line nr="30" mi="0" ci="1" mb="0" cb="0"/>
            <line nr="32" mi="0" ci="3" mb="0" cb="0"/>
            <line nr="35" mi="3" ci="0" mb="0" cb="0"/>
            <line nr="39" mi="0" ci="3" mb="0" cb="0"/>
            <line nr="43" mi="3" ci="0" mb="0" cb="0"/>
            <line nr="44" mi="1" ci="0" mb="0" cb="0"/>
            <line nr="47" mi="0" ci="3" mb="0" cb="0"/>
            <line nr="51" mi="0" ci="3" mb="0" cb="0"/>
            <line nr="52" mi="0" ci="1" mb="0" cb="0"/>
            <line nr="55" mi="0" ci="3" mb="0" cb="0"/>
            <line nr="59" mi="0" ci="3" mb="0" cb="0"/>
            <line nr="60" mi="0" ci="1" mb="0" cb="0"/>
            <counter type="INSTRUCTION" missed="7" covered="32"/>
            <counter type="LINE" missed="3" covered="13"/>
            <counter type="COMPLEXITY" missed="2" covered="7"/>
            <counter type="METHOD" missed="2" covered="7"/>
            <counter type="CLASS" missed="0" covered="1"/>
        </sourcefile>
        <sourcefile name="Participant.java">
            <line nr="38" mi="0" ci="3" mb="0" cb="0"/>
            <line nr="40" mi="0" ci="2" mb="0" cb="0"/>
            <line nr="41" mi="0" ci="3" mb="0" cb="0"/>
            <line nr="42" mi="0" ci="5" mb="0" cb="0"/>
            <line nr="43" mi="0" ci="5" mb="0" cb="0"/>
            <line nr="44" mi="0" ci="5" mb="0" cb="0"/>
            <line nr="45" mi="0" ci="5" mb="0" cb="0"/>
            <line nr="46" mi="0" ci="5" mb="0" cb="0"/>
            <line nr="47" mi="0" ci="3" mb="0" cb="0"/>
            <line nr="48" mi="0" ci="1" mb="0" cb="0"/>
            <line nr="51" mi="0" ci="3" mb="0" cb="0"/>
            <line nr="56" mi="0" ci="4" mb="0" cb="0"/>
            <line nr="60" mi="0" ci="3" mb="0" cb="0"/>
            <line nr="64" mi="0" ci="3" mb="0" cb="0"/>
            <line nr="65" mi="0" ci="1" mb="0" cb="0"/>
            <line nr="68" mi="0" ci="3" mb="0" cb="0"/>
            <line nr="72" mi="0" ci="3" mb="0" cb="0"/>
            <line nr="73" mi="0" ci="1" mb="0" cb="0"/>
            <line nr="76" mi="3" ci="0" mb="0" cb="0"/>
            <line nr="80" mi="3" ci="0" mb="0" cb="0"/>
            <line nr="81" mi="1" ci="0" mb="0" cb="0"/>
            <line nr="84" mi="3" ci="0" mb="0" cb="0"/>
            <line nr="88" mi="3" ci="0" mb="0" cb="0"/>
            <line nr="89" mi="1" ci="0" mb="0" cb="0"/>
            <line nr="92" mi="0" ci="3" mb="0" cb="0"/>
            <line nr="96" mi="0" ci="3" mb="0" cb="0"/>
            <line nr="100" mi="0" ci="3" mb="0" cb="0"/>
            <line nr="104" mi="0" ci="3" mb="0" cb="0"/>
            <line nr="108" mi="0" ci="3" mb="0" cb="0"/>
            <line nr="112" mi="0" ci="5" mb="0" cb="0"/>
            <line nr="113" mi="0" ci="1" mb="0" cb="0"/>
            <line nr="116" mi="0" ci="5" mb="0" cb="0"/>
            <line nr="117" mi="0" ci="1" mb="0" cb="0"/>
            <line nr="120" mi="0" ci="5" mb="0" cb="0"/>
            <line nr="121" mi="0" ci="1" mb="0" cb="0"/>
            <line nr="124" mi="0" ci="5" mb="0" cb="0"/>
            <line nr="125" mi="0" ci="1" mb="0" cb="0"/>
            <line nr="128" mi="0" ci="5" mb="0" cb="0"/>
            <line nr="129" mi="0" ci="1" mb="0" cb="0"/>
            <line nr="132" mi="0" ci="4" mb="0" cb="0"/>
            <line nr="133" mi="0" ci="5" mb="0" cb="0"/>
            <line nr="134" mi="0" ci="5" mb="0" cb="0"/>
            <line nr="135" mi="0" ci="5" mb="0" cb="0"/>
            <line nr="136" mi="0" ci="5" mb="0" cb="0"/>
            <line nr="137" mi="0" ci="5" mb="0" cb="0"/>
            <line nr="138" mi="0" ci="2" mb="0" cb="0"/>
            <line nr="142" mi="0" ci="3" mb="0" cb="0"/>
            <line nr="143" mi="0" ci="3" mb="0" cb="0"/>
            <line nr="144" mi="0" ci="3" mb="0" cb="0"/>
            <line nr="145" mi="0" ci="3" mb="0" cb="0"/>
            <line nr="146" mi="0" ci="3" mb="0" cb="0"/>
            <line nr="147" mi="0" ci="1" mb="0" cb="0"/>
            <counter type="INSTRUCTION" missed="14" covered="150"/>
            <counter type="LINE" missed="6" covered="46"/>
            <counter type="COMPLEXITY" missed="4" covered="20"/>
            <counter type="METHOD" missed="4" covered="20"/>
            <counter type="CLASS" missed="0" covered="1"/>
        </sourcefile>
        <sourcefile name="Session.java">
            <line nr="13" mi="0" ci="4" mb="0" cb="0"/>
            <line nr="14" mi="0" ci="4" mb="0" cb="0"/>
            <line nr="15" mi="0" ci="4" mb="0" cb="0"/>
            <line nr="16" mi="0" ci="4" mb="0" cb="0"/>
            <line nr="17" mi="0" ci="5" mb="0" cb="0"/>
            <line nr="22" mi="0" ci="2" mb="0" cb="0"/>
            <line nr="23" mi="0" ci="2" mb="0" cb="2"/>
            <line nr="24" mi="0" ci="3" mb="0" cb="0"/>
            <line nr="25" mi="0" ci="5" mb="0" cb="0"/>
            <line nr="27" mi="0" ci="3" mb="0" cb="0"/>
            <line nr="28" mi="0" ci="5" mb="0" cb="0"/>
            <line nr="29" mi="0" ci="1" mb="0" cb="0"/>
            <line nr="32" mi="0" ci="5" mb="0" cb="0"/>
            <line nr="33" mi="0" ci="1" mb="0" cb="0"/>
            <line nr="36" mi="0" ci="5" mb="0" cb="0"/>
            <line nr="37" mi="0" ci="1" mb="0" cb="0"/>
            <line nr="40" mi="0" ci="2" mb="0" cb="0"/>
            <line nr="44" mi="0" ci="2" mb="0" cb="0"/>
            <line nr="48" mi="0" ci="2" mb="0" cb="0"/>
            <line nr="52" mi="0" ci="2" mb="0" cb="0"/>
            <line nr="56" mi="0" ci="2" mb="0" cb="0"/>
            <line nr="60" mi="0" ci="3" mb="0" cb="0"/>
            <line nr="64" mi="0" ci="3" mb="0" cb="0"/>
            <counter type="INSTRUCTION" missed="0" covered="70"/>
            <counter type="BRANCH" missed="0" covered="2"/>
            <counter type="LINE" missed="0" covered="23"/>
            <counter type="COMPLEXITY" missed="0" covered="12"/>
            <counter type="METHOD" missed="0" covered="11"/>
            <counter type="CLASS" missed="0" covered="1"/>
        </sourcefile>
        <sourcefile name="Matcher.java">
            <line nr="18" mi="0" ci="2" mb="0" cb="0"/>
            <line nr="19" mi="0" ci="3" mb="0" cb="0"/>
            <line nr="20" mi="0" ci="5" mb="0" cb="0"/>
            <line nr="21" mi="0" ci="5" mb="0" cb="0"/>
            <line nr="22" mi="0" ci="1" mb="0" cb="0"/>
            <line nr="27" mi="0" ci="2" mb="0" cb="0"/>
            <line nr="33" mi="0" ci="4" mb="0" cb="0"/>
            <line nr="34" mi="0" ci="2" mb="0" cb="2"/>
            <line nr="35" mi="0" ci="3" mb="0" cb="0"/>
            <line nr="36" mi="0" ci="1" mb="0" cb="0"/>
            <line nr="40" mi="0" ci="4" mb="0" cb="0"/>
            <line nr="41" mi="0" ci="3" mb="0" cb="2"/>
            <line nr="42" mi="0" ci="3" mb="0" cb="0"/>
            <line nr="43" mi="0" ci="1" mb="0" cb="0"/>
            <line nr="47" mi="0" ci="4" mb="0" cb="0"/>
            <line nr="48" mi="0" ci="3" mb="0" cb="2"/>
            <line nr="49" mi="0" ci="3" mb="0" cb="0"/>
            <line nr="50" mi="0" ci="1" mb="0" cb="0"/>
            <line nr="53" mi="0" ci="5" mb="0" cb="0"/>
            <line nr="54" mi="0" ci="5" mb="0" cb="0"/>
            <line nr="56" mi="0" ci="10" mb="0" cb="2"/>
            <line nr="57" mi="1" ci="4" mb="1" cb="1"/>
            <line nr="59" mi="0" ci="5" mb="0" cb="0"/>
            <line nr="61" mi="0" ci="3" mb="0" cb="0"/>
            <line nr="62" mi="1" ci="3" mb="1" cb="1"/>
            <line nr="64" mi="0" ci="2" mb="0" cb="0"/>
            <line nr="65" mi="0" ci="2" mb="0" cb="0"/>
            <line nr="66" mi="0" ci="6" mb="0" cb="0"/>
            <line nr="68" mi="0" ci="12" mb="0" cb="2"/>
            <line nr="69" mi="0" ci="4" mb="0" cb="2"/>
            <line nr="70" mi="0" ci="4" mb="0" cb="0"/>
            <line nr="71" mi="0" ci="7" mb="0" cb="0"/>
            <line nr="74" mi="0" ci="4" mb="0" cb="0"/>
            <line nr="75" mi="0" ci="6" mb="0" cb="0"/>
            <line nr="77" mi="0" ci="4" mb="0" cb="2"/>
            <line nr="78" mi="0" ci="5" mb="0" cb="0"/>
            <line nr="79" mi="0" ci="1" mb="0" cb="0"/>
            <line nr="81" mi="0" ci="1" mb="0" cb="0"/>
            <line nr="82" mi="0" ci="4" mb="0" cb="0"/>
            <line nr="83" mi="0" ci="6" mb="0" cb="0"/>
            <line nr="85" mi="0" ci="4" mb="0" cb="2"/>
            <line nr="86" mi="0" ci="3" mb="0" cb="0"/>
            <line nr="87" mi="0" ci="7" mb="0" cb="0"/>
            <line nr="88" mi="0" ci="2" mb="0" cb="0"/>
            <line nr="89" mi="0" ci="5" mb="0" cb="0"/>
            <line nr="90" mi="0" ci="4" mb="0" cb="2"/>
            <line nr="91" mi="0" ci="7" mb="0" cb="0"/>
            <line nr="92" mi="0" ci="5" mb="0" cb="0"/>
            <line nr="94" mi="0" ci="1" mb="0" cb="0"/>
            <line nr="95" mi="0" ci="4" mb="0" cb="2"/>
            <line nr="96" mi="0" ci="3" mb="0" cb="0"/>
            <line nr="97" mi="0" ci="3" mb="0" cb="0"/>
            <line nr="99" mi="0" ci="4" mb="0" cb="2"/>
            <line nr="100" mi="0" ci="3" mb="0" cb="0"/>
            <line nr="102" mi="0" ci="1" mb="0" cb="0"/>
            <line nr="105" mi="3" ci="0" mb="0" cb="0"/>
            <line nr="109" mi="0" ci="3" mb="0" cb="0"/>
            <line nr="114" mi="0" ci="3" mb="0" cb="0"/>
            <line nr="119" mi="0" ci="3" mb="0" cb="0"/>
            <line nr="120" mi="0" ci="1" mb="0" cb="0"/>
            <line nr="123" mi="0" ci="6" mb="0" cb="0"/>
            <line nr="124" mi="0" ci="5" mb="0" cb="0"/>
            <line nr="125" mi="0" ci="3" mb="0" cb="0"/>
            <counter type="INSTRUCTION" missed="5" covered="233"/>
            <counter type="BRANCH" missed="2" covered="24"/>
            <counter type="LINE" missed="1" covered="62"/>
            <counter type="COMPLEXITY" missed="3" covered="17"/>
            <counter type="METHOD" missed="1" covered="6"/>
            <counter type="CLASS" missed="0" covered="1"/>
        </sourcefile>
        <counter type="INSTRUCTION" missed="33" covered="537"/>
        <counter type="BRANCH" missed="2" covered="26"/>
        <counter type="LINE" missed="13" covered="164"/>
        <counter type="COMPLEXITY" missed="11" covered="67"/>
        <counter type="METHOD" missed="9" covered="55"/>
        <counter type="CLASS" missed="0" covered="6"/>
    </package>
    <package name="model/categories">
        <class name="model/categories/Animal" sourcefilename="Animal.java">
            <method name="&lt;clinit&gt;" desc="()V" line="3">
                <counter type="INSTRUCTION" missed="0" covered="27"/>
                <counter type="LINE" missed="0" covered="5"/>
                <counter type="COMPLEXITY" missed="0" covered="1"/>
                <counter type="METHOD" missed="0" covered="1"/>
            </method>
            <counter type="INSTRUCTION" missed="0" covered="27"/>
            <counter type="LINE" missed="0" covered="5"/>
            <counter type="COMPLEXITY" missed="0" covered="1"/>
            <counter type="METHOD" missed="0" covered="1"/>
            <counter type="CLASS" missed="0" covered="1"/>
        </class>
        <class name="model/categories/Food" sourcefilename="Food.java">
            <method name="&lt;clinit&gt;" desc="()V" line="3">
                <counter type="INSTRUCTION" missed="0" covered="21"/>
                <counter type="LINE" missed="0" covered="4"/>
                <counter type="COMPLEXITY" missed="0" covered="1"/>
                <counter type="METHOD" missed="0" covered="1"/>
            </method>
            <counter type="INSTRUCTION" missed="0" covered="21"/>
            <counter type="LINE" missed="0" covered="4"/>
            <counter type="COMPLEXITY" missed="0" covered="1"/>
            <counter type="METHOD" missed="0" covered="1"/>
            <counter type="CLASS" missed="0" covered="1"/>
        </class>
        <class name="model/categories/Hobby" sourcefilename="Hobby.java">
            <method name="&lt;clinit&gt;" desc="()V" line="3">
                <counter type="INSTRUCTION" missed="0" covered="51"/>
                <counter type="LINE" missed="0" covered="9"/>
                <counter type="COMPLEXITY" missed="0" covered="1"/>
                <counter type="METHOD" missed="0" covered="1"/>
            </method>
            <counter type="INSTRUCTION" missed="0" covered="51"/>
            <counter type="LINE" missed="0" covered="9"/>
            <counter type="COMPLEXITY" missed="0" covered="1"/>
            <counter type="METHOD" missed="0" covered="1"/>
            <counter type="CLASS" missed="0" covered="1"/>
        </class>
        <class name="model/categories/Science" sourcefilename="Science.java">
            <method name="&lt;clinit&gt;" desc="()V" line="3">
                <counter type="INSTRUCTION" missed="0" covered="39"/>
                <counter type="LINE" missed="0" covered="7"/>
                <counter type="COMPLEXITY" missed="0" covered="1"/>
                <counter type="METHOD" missed="0" covered="1"/>
            </method>
            <counter type="INSTRUCTION" missed="0" covered="39"/>
            <counter type="LINE" missed="0" covered="7"/>
            <counter type="COMPLEXITY" missed="0" covered="1"/>
            <counter type="METHOD" missed="0" covered="1"/>
            <counter type="CLASS" missed="0" covered="1"/>
        </class>
        <class name="model/categories/Category" sourcefilename="Category.java"/>
        <class name="model/categories/Sports" sourcefilename="Sports.java">
            <method name="&lt;clinit&gt;" desc="()V" line="3">
                <counter type="INSTRUCTION" missed="0" covered="39"/>
                <counter type="LINE" missed="0" covered="7"/>
                <counter type="COMPLEXITY" missed="0" covered="1"/>
                <counter type="METHOD" missed="0" covered="1"/>
            </method>
            <counter type="INSTRUCTION" missed="0" covered="39"/>
            <counter type="LINE" missed="0" covered="7"/>
            <counter type="COMPLEXITY" missed="0" covered="1"/>
            <counter type="METHOD" missed="0" covered="1"/>
            <counter type="CLASS" missed="0" covered="1"/>
        </class>
        <sourcefile name="Food.java">
            <line nr="3" mi="0" ci="3" mb="0" cb="0"/>
            <line nr="4" mi="0" ci="6" mb="0" cb="0"/>
            <line nr="5" mi="0" ci="6" mb="0" cb="0"/>
            <line nr="6" mi="0" ci="6" mb="0" cb="0"/>
            <counter type="INSTRUCTION" missed="0" covered="21"/>
            <counter type="LINE" missed="0" covered="4"/>
            <counter type="COMPLEXITY" missed="0" covered="1"/>
            <counter type="METHOD" missed="0" covered="1"/>
            <counter type="CLASS" missed="0" covered="1"/>
        </sourcefile>
        <sourcefile name="Sports.java">
            <line nr="3" mi="0" ci="3" mb="0" cb="0"/>
            <line nr="4" mi="0" ci="6" mb="0" cb="0"/>
            <line nr="5" mi="0" ci="6" mb="0" cb="0"/>
            <line nr="6" mi="0" ci="6" mb="0" cb="0"/>
            <line nr="7" mi="0" ci="6" mb="0" cb="0"/>
            <line nr="8" mi="0" ci="6" mb="0" cb="0"/>
            <line nr="9" mi="0" ci="6" mb="0" cb="0"/>
            <counter type="INSTRUCTION" missed="0" covered="39"/>
            <counter type="LINE" missed="0" covered="7"/>
            <counter type="COMPLEXITY" missed="0" covered="1"/>
            <counter type="METHOD" missed="0" covered="1"/>
            <counter type="CLASS" missed="0" covered="1"/>
        </sourcefile>
        <sourcefile name="Category.java"/>
        <sourcefile name="Hobby.java">
            <line nr="3" mi="0" ci="3" mb="0" cb="0"/>
            <line nr="4" mi="0" ci="6" mb="0" cb="0"/>
            <line nr="5" mi="0" ci="6" mb="0" cb="0"/>
            <line nr="6" mi="0" ci="6" mb="0" cb="0"/>
            <line nr="7" mi="0" ci="6" mb="0" cb="0"/>
            <line nr="8" mi="0" ci="6" mb="0" cb="0"/>
            <line nr="9" mi="0" ci="6" mb="0" cb="0"/>
            <line nr="10" mi="0" ci="6" mb="0" cb="0"/>
            <line nr="11" mi="0" ci="6" mb="0" cb="0"/>
            <counter type="INSTRUCTION" missed="0" covered="51"/>
            <counter type="LINE" missed="0" covered="9"/>
            <counter type="COMPLEXITY" missed="0" covered="1"/>
            <counter type="METHOD" missed="0" covered="1"/>
            <counter type="CLASS" missed="0" covered="1"/>
        </sourcefile>
        <sourcefile name="Animal.java">
            <line nr="3" mi="0" ci="3" mb="0" cb="0"/>
            <line nr="4" mi="0" ci="6" mb="0" cb="0"/>
            <line nr="5" mi="0" ci="6" mb="0" cb="0"/>
            <line nr="6" mi="0" ci="6" mb="0" cb="0"/>
            <line nr="7" mi="0" ci="6" mb="0" cb="0"/>
            <counter type="INSTRUCTION" missed="0" covered="27"/>
            <counter type="LINE" missed="0" covered="5"/>
            <counter type="COMPLEXITY" missed="0" covered="1"/>
            <counter type="METHOD" missed="0" covered="1"/>
            <counter type="CLASS" missed="0" covered="1"/>
        </sourcefile>
        <sourcefile name="Science.java">
            <line nr="3" mi="0" ci="3" mb="0" cb="0"/>
            <line nr="4" mi="0" ci="6" mb="0" cb="0"/>
            <line nr="5" mi="0" ci="6" mb="0" cb="0"/>
            <line nr="6" mi="0" ci="6" mb="0" cb="0"/>
            <line nr="7" mi="0" ci="6" mb="0" cb="0"/>
            <line nr="8" mi="0" ci="6" mb="0" cb="0"/>
            <line nr="9" mi="0" ci="6" mb="0" cb="0"/>
            <counter type="INSTRUCTION" missed="0" covered="39"/>
            <counter type="LINE" missed="0" covered="7"/>
            <counter type="COMPLEXITY" missed="0" covered="1"/>
            <counter type="METHOD" missed="0" covered="1"/>
            <counter type="CLASS" missed="0" covered="1"/>
        </sourcefile>
        <counter type="INSTRUCTION" missed="0" covered="177"/>
        <counter type="LINE" missed="0" covered="32"/>
        <counter type="COMPLEXITY" missed="0" covered="5"/>
        <counter type="METHOD" missed="0" covered="5"/>
        <counter type="CLASS" missed="0" covered="5"/>
    </package>
    <counter type="INSTRUCTION" missed="872" covered="3583"/>
    <counter type="BRANCH" missed="107" covered="157"/>
    <counter type="LINE" missed="255" covered="983"/>
    <counter type="COMPLEXITY" missed="141" covered="332"/>
    <counter type="METHOD" missed="57" covered="282"/>
    <counter type="CLASS" missed="5" covered="42"/>
</report>